MPASM  5.49                 TAREA_DISPLAY.ASM   5-26-2018  15:08:38         PAGE  1


LOC  OBJECT CODE     LINE SOURCE TEXT
  VALUE

                      00001                         PROCESSOR   16F887
2007   2BE2           00002                 __CONFIG    0X2007,0X2BE2
2008   3FFF           00003                         __CONFIG        0X2008,0X3FFF
                      00004                 INCLUDE     <P16F887.INC>
                      00001         LIST
                      00002 
                      00003 ;==========================================================================
                      00004 ;  MPASM PIC16F887 processor include
                      00005 ; 
                      00006 ;  (c) Copyright 1999-2013 Microchip Technology, All rights reserved
                      00007 ;==========================================================================
                      00008 
                      00809         LIST
                      00005                         ORG                     0X0000
0000   2???           00006                 GOTO            INICIO
                      00007                         INCLUDE     <SUBS_TIEMPO.ASM>
0001   0000           00001 ST1V:                   NOP
0002   0000           00002                 NOP
0003   0000           00003                 NOP
0004   0BE0           00004                 DECFSZ      0X60,F
0005   2???           00005                 GOTO        ST1V
0006   0008           00006                 RETURN
                      00007 ;+++++++++++++++++++++++++++++++++++++++
0007   0862           00008 ST2V:                   MOVF            0X62,W
0008   00E3           00009                                 MOVWF           0X63
0009   0000           00010 DECRE2V                 NOP
000A   0000           00011                 NOP
000B   0000           00012                 NOP
000C   0BE3           00013                 DECFSZ      0X63,F
000D   2???           00014                 GOTO        DECRE2V
000E   0BE1           00015                                 DECFSZ          0X61,F
000F   2???           00016                                 GOTO            ST2V
0010   0008           00017                 RETURN
                      00018 ;++++++++++++++++++++++++++++++++++++++++
0011   0866           00019 ST3V:                   MOVF            0X66,W
0012   00E7           00020                                 MOVWF           0X67
0013   0865           00021 RECARGA3V:              MOVF            0X65,W
0014   00E8           00022                                 MOVWF           0X68
0015   0000           00023 DECRE3V:                NOP
0016   0000           00024                 NOP
0017   0000           00025                 NOP
0018   0BE8           00026                 DECFSZ      0X68,F
0019   2???           00027                 GOTO        DECRE3V
001A   0BE7           00028                                 DECFSZ          0X67,F
001B   2???           00029                                 GOTO            RECARGA3V
001C   0BE4           00030                                 DECFSZ          0X64,F
001D   2???           00031                                 GOTO            ST3V
001E   0008           00032                 RETURN
                      00033 ;++++++++++++++++++++++++++++++++++++++++++++                
                      00034             
001F   1683           00008 INICIO          BSF                     STATUS,RP0
Message[302]: Register in operand not in bank 0.  Ensure that bank bits are correct.
0020   0186           00009                         CLRF            TRISB
MPASM  5.49                 TAREA_DISPLAY.ASM   5-26-2018  15:08:38         PAGE  2


LOC  OBJECT CODE     LINE SOURCE TEXT
  VALUE

Message[302]: Register in operand not in bank 0.  Ensure that bank bits are correct.
0021   0187           00010                         CLRF            TRISC
0022   1703           00011                         BSF                     STATUS,RP1
Message[302]: Register in operand not in bank 0.  Ensure that bank bits are correct.
0023   0188           00012                         CLRF            ANSEL
Message[302]: Register in operand not in bank 0.  Ensure that bank bits are correct.
0024   0189           00013                         CLRF            ANSELH
0025   1283           00014                         BCF                     STATUS,RP0
0026   1303           00015                         BCF                     STATUS,RP1
0027   2???           00016 LCD                     CALL            LCD_INI
0028   2???           00017                         CALL            TEXTO_F1
0029   2???           00018                         CALL            NEXT
002A   2???           00019                         CALL            TEXTO_F2
002B   2???           00020                         GOTO            $
                      00021 ;**************************************
002C   1007           00022 LCD_INI         BCF                     PORTC,.0
002D   3001           00023                         MOVLW           0X01
002E   0086           00024                         MOVWF           PORTB
002F   2???           00025                         CALL            EJECUTA
0030   300C           00026                         MOVLW           0X0C
0031   0086           00027                         MOVWF           PORTB
0032   2???           00028                         CALL            EJECUTA
0033   303C           00029                         MOVLW           0X3C
0034   0086           00030                         MOVWF           PORTB
0035   2???           00031                         CALL            EJECUTA
0036   1407           00032                         BSF                     PORTC,.0
0037   0008           00033                         RETURN
                      00034 
0038   1487           00035 EJECUTA         BSF                     PORTC,.1
0039   2???           00036                         CALL            TIEMPO
003A   2???           00037                         CALL            TIEMPO
003B   1087           00038                         BCF                     PORTC,.1
003C   2???           00039                         CALL            TIEMPO
003D   0008           00040                         RETURN
                      00041 
003E   1407           00042 MANDAR          BSF                     PORTC,.0
003F   2???           00043                         CALL            EJECUTA
0040   0008           00044                         RETURN
                      00045 
0041   1007           00046 NEXT            BCF                     PORTC,.0
0042   30C0           00047                         MOVLW           0XC0
0043   0086           00048                         MOVWF           PORTB
0044   2???           00049                         CALL            EJECUTA
0045   0008           00050                         RETURN
                      00051 ;++++++++++++++++++++++++++++++++++++++
0046   304A           00052 TEXTO_F1        MOVLW           'J'
0047   0086           00053                         MOVWF           PORTB
0048   2???           00054                         CALL            MANDAR
0049   3045           00055                         MOVLW           'E'
004A   0086           00056                         MOVWF           PORTB
004B   2???           00057                         CALL            MANDAR
004C   3053           00058                         MOVLW           'S'
004D   0086           00059                         MOVWF           PORTB
MPASM  5.49                 TAREA_DISPLAY.ASM   5-26-2018  15:08:38         PAGE  3


LOC  OBJECT CODE     LINE SOURCE TEXT
  VALUE

004E   2???           00060                         CALL            MANDAR
004F   3055           00061                         MOVLW           'U'
0050   0086           00062                         MOVWF           PORTB
0051   2???           00063                         CALL            MANDAR
0052   3053           00064                         MOVLW           'S'
0053   0086           00065                         MOVWF           PORTB
0054   2???           00066                         CALL            MANDAR
0055   0008           00067                         RETURN
                      00068 
0056   3041           00069 TEXTO_F2        MOVLW           'A'
0057   0086           00070                         MOVWF           PORTB
0058   2???           00071                         CALL            MANDAR
0059   304C           00072                         MOVLW           'L'
005A   0086           00073                         MOVWF           PORTB
005B   2???           00074                         CALL            MANDAR
005C   3042           00075                         MOVLW           'B'
005D   0086           00076                         MOVWF           PORTB
005E   2???           00077                         CALL            MANDAR
005F   3045           00078                         MOVLW           'E'
0060   0086           00079                         MOVWF           PORTB
0061   2???           00080                         CALL            MANDAR
0062   3052           00081                         MOVLW           'R'
0063   0086           00082                         MOVWF           PORTB
0064   2???           00083                         CALL            MANDAR
0065   3054           00084                         MOVLW           'T'
0066   0086           00085                         MOVWF           PORTB
0067   2???           00086                         CALL            MANDAR
0068   304F           00087                         MOVLW           'O'
0069   0086           00088                         MOVWF           PORTB
006A   2???           00089                         CALL            MANDAR
006B   0008           00090                         RETURN
                      00091 
006C   300A           00092 TIEMPO          MOVLW           .10     
006D   00E1           00093                         MOVWF           0X61
006E   300A           00094                         MOVLW           .10
006F   00E2           00095                         MOVWF           0X62
0070   2???           00096                         CALL            ST2V
0071   0008           00097                         RETURN
                      00098 
2BE2 3FFF             00099                         END
MPASM  5.49                 TAREA_DISPLAY.ASM   5-26-2018  15:08:38         PAGE  4


SYMBOL TABLE
  LABEL                             VALUE 

ABDEN                             00000000
ABDOVF                            00000007
ACKDT                             00000005
ACKEN                             00000004
ACKSTAT                           00000006
ADCON0                            0000001F
ADCON1                            0000009F
ADCS0                             00000006
ADCS1                             00000007
ADDEN                             00000003
ADFM                              00000007
ADIE                              00000006
ADIF                              00000006
ADON                              00000000
ADRESH                            0000001E
ADRESL                            0000009E
ANS0                              00000000
ANS1                              00000001
ANS10                             00000002
ANS11                             00000003
ANS12                             00000004
ANS13                             00000005
ANS2                              00000002
ANS3                              00000003
ANS4                              00000004
ANS5                              00000005
ANS6                              00000006
ANS7                              00000007
ANS8                              00000000
ANS9                              00000001
ANSEL                             00000188
ANSELH                            00000189
BAUDCTL                           00000187
BCLIE                             00000003
BCLIF                             00000003
BF                                00000000
BRG0                              00000000
BRG1                              00000001
BRG10                             00000002
BRG11                             00000003
BRG12                             00000004
BRG13                             00000005
BRG14                             00000006
BRG15                             00000007
BRG16                             00000003
BRG2                              00000002
BRG3                              00000003
BRG4                              00000004
BRG5                              00000005
BRG6                              00000006
BRG7                              00000007
BRG8                              00000000
BRG9                              00000001
MPASM  5.49                 TAREA_DISPLAY.ASM   5-26-2018  15:08:38         PAGE  5


SYMBOL TABLE
  LABEL                             VALUE 

BRGH                              00000002
C                                 00000000
C1CH0                             00000000
C1CH1                             00000001
C1IE                              00000005
C1IF                              00000005
C1OE                              00000005
C1ON                              00000007
C1OUT                             00000006
C1POL                             00000004
C1R                               00000002
C1RSEL                            00000005
C1SEN                             00000005
C2CH0                             00000000
C2CH1                             00000001
C2IE                              00000006
C2IF                              00000006
C2OE                              00000005
C2ON                              00000007
C2OUT                             00000006
C2POL                             00000004
C2R                               00000002
C2REN                             00000004
C2RSEL                            00000004
C2SYNC                            00000000
CCP1CON                           00000017
CCP1IE                            00000002
CCP1IF                            00000002
CCP1M0                            00000000
CCP1M1                            00000001
CCP1M2                            00000002
CCP1M3                            00000003
CCP1X                             00000005
CCP1Y                             00000004
CCP2CON                           0000001D
CCP2IE                            00000000
CCP2IF                            00000000
CCP2M0                            00000000
CCP2M1                            00000001
CCP2M2                            00000002
CCP2M3                            00000003
CCP2X                             00000005
CCP2Y                             00000004
CCPR1                             00000015
CCPR1H                            00000016
CCPR1L                            00000015
CCPR2                             0000001B
CCPR2H                            0000001C
CCPR2L                            0000001B
CHS0                              00000002
CHS1                              00000003
CHS2                              00000004
CHS3                              00000005
MPASM  5.49                 TAREA_DISPLAY.ASM   5-26-2018  15:08:38         PAGE  6


SYMBOL TABLE
  LABEL                             VALUE 

CKE                               00000006
CKP                               00000004
CM1CON0                           00000107
CM2CON0                           00000108
CM2CON1                           00000109
CREN                              00000004
CSRC                              00000007
D                                 00000005
DATA_ADDRESS                      00000005
DC                                00000001
DC1B0                             00000004
DC1B1                             00000005
DC2B0                             00000004
DC2B1                             00000005
DECRE2V                           00000009
DECRE3V                           00000015
D_A                               00000005
D_NOT_A                           00000005
ECCPAS                            0000009C
ECCPAS0                           00000004
ECCPAS1                           00000005
ECCPAS2                           00000006
ECCPASE                           00000007
EEADR                             0000010D
EEADRH                            0000010F
EECON1                            0000018C
EECON2                            0000018D
EEDAT                             0000010C
EEDATA                            0000010C
EEDATH                            0000010E
EEIE                              00000004
EEIF                              00000004
EEPGD                             00000007
EJECUTA                           00000038
F                                 00000001
FERR                              00000002
FSR                               00000004
FVREN                             00000000
GCEN                              00000007
GIE                               00000007
GO                                00000001
GO_DONE                           00000001
GO_NOT_DONE                       00000001
HTS                               00000002
I2C_DATA                          00000005
I2C_READ                          00000002
I2C_START                         00000003
I2C_STOP                          00000004
INDF                              00000000
INICIO                            0000001F
INTCON                            0000000B
INTE                              00000004
INTEDG                            00000006
MPASM  5.49                 TAREA_DISPLAY.ASM   5-26-2018  15:08:38         PAGE  7


SYMBOL TABLE
  LABEL                             VALUE 

INTF                              00000001
IOCB                              00000096
IOCB0                             00000000
IOCB1                             00000001
IOCB2                             00000002
IOCB3                             00000003
IOCB4                             00000004
IOCB5                             00000005
IOCB6                             00000006
IOCB7                             00000007
IRCF0                             00000004
IRCF1                             00000005
IRCF2                             00000006
IRP                               00000007
LCD                               00000027
LCD_INI                           0000002C
LTS                               00000001
MANDAR                            0000003E
MC1OUT                            00000007
MC2OUT                            00000006
MSK                               00000093
MSK0                              00000000
MSK1                              00000001
MSK2                              00000002
MSK3                              00000003
MSK4                              00000004
MSK5                              00000005
MSK6                              00000006
MSK7                              00000007
NEXT                              00000041
NOT_A                             00000005
NOT_ADDRESS                       00000005
NOT_BO                            00000000
NOT_BOR                           00000000
NOT_DONE                          00000001
NOT_PD                            00000003
NOT_POR                           00000001
NOT_RBPU                          00000007
NOT_RC8                           00000006
NOT_T1SYNC                        00000002
NOT_TO                            00000004
NOT_TX8                           00000006
NOT_W                             00000002
NOT_WRITE                         00000002
OERR                              00000001
OPTION_REG                        00000081
OSCCON                            0000008F
OSCTUNE                           00000090
OSFIE                             00000007
OSFIF                             00000007
OSTS                              00000003
P                                 00000004
P1M0                              00000006
MPASM  5.49                 TAREA_DISPLAY.ASM   5-26-2018  15:08:38         PAGE  8


SYMBOL TABLE
  LABEL                             VALUE 

P1M1                              00000007
PCL                               00000002
PCLATH                            0000000A
PCON                              0000008E
PDC0                              00000000
PDC1                              00000001
PDC2                              00000002
PDC3                              00000003
PDC4                              00000004
PDC5                              00000005
PDC6                              00000006
PEIE                              00000006
PEN                               00000002
PIE1                              0000008C
PIE2                              0000008D
PIR1                              0000000C
PIR2                              0000000D
PORTA                             00000005
PORTB                             00000006
PORTC                             00000007
PORTD                             00000008
PORTE                             00000009
PR2                               00000092
PRSEN                             00000007
PS0                               00000000
PS1                               00000001
PS2                               00000002
PSA                               00000003
PSSAC0                            00000002
PSSAC1                            00000003
PSSBD0                            00000000
PSSBD1                            00000001
PSTRCON                           0000009D
PULSR                             00000002
PULSS                             00000003
PWM1CON                           0000009B
R                                 00000002
RA0                               00000000
RA1                               00000001
RA2                               00000002
RA3                               00000003
RA4                               00000004
RA5                               00000005
RA6                               00000006
RA7                               00000007
RB0                               00000000
RB1                               00000001
RB2                               00000002
RB3                               00000003
RB4                               00000004
RB5                               00000005
RB6                               00000006
RB7                               00000007
MPASM  5.49                 TAREA_DISPLAY.ASM   5-26-2018  15:08:38         PAGE  9


SYMBOL TABLE
  LABEL                             VALUE 

RBIE                              00000003
RBIF                              00000000
RC0                               00000000
RC1                               00000001
RC2                               00000002
RC3                               00000003
RC4                               00000004
RC5                               00000005
RC6                               00000006
RC7                               00000007
RC8_9                             00000006
RC9                               00000006
RCD8                              00000000
RCEN                              00000003
RCIDL                             00000006
RCIE                              00000005
RCIF                              00000005
RCREG                             0000001A
RCSTA                             00000018
RD                                00000000
RD0                               00000000
RD1                               00000001
RD2                               00000002
RD3                               00000003
RD4                               00000004
RD5                               00000005
RD6                               00000006
RD7                               00000007
RE0                               00000000
RE1                               00000001
RE2                               00000002
RE3                               00000003
READ_WRITE                        00000002
RECARGA3V                         00000013
RP0                               00000005
RP1                               00000006
RSEN                              00000001
RX9                               00000006
RX9D                              00000000
R_NOT_W                           00000002
R_W                               00000002
S                                 00000003
SBOREN                            00000004
SCKP                              00000004
SCS                               00000000
SEN                               00000000
SENDB                             00000003
SMP                               00000007
SPBRG                             00000099
SPBRGH                            0000009A
SPEN                              00000007
SR0                               00000006
SR1                               00000007
MPASM  5.49                 TAREA_DISPLAY.ASM   5-26-2018  15:08:38         PAGE 10


SYMBOL TABLE
  LABEL                             VALUE 

SRCON                             00000185
SREN                              00000005
SSPADD                            00000093
SSPBUF                            00000013
SSPCON                            00000014
SSPCON2                           00000091
SSPEN                             00000005
SSPIE                             00000003
SSPIF                             00000003
SSPM0                             00000000
SSPM1                             00000001
SSPM2                             00000002
SSPM3                             00000003
SSPMSK                            00000093
SSPOV                             00000006
SSPSTAT                           00000094
ST1V                              00000001
ST2V                              00000007
ST3V                              00000011
STATUS                            00000003
STRA                              00000000
STRB                              00000001
STRC                              00000002
STRD                              00000003
STRSYNC                           00000004
SWDTEN                            00000000
SYNC                              00000004
T0CS                              00000005
T0IE                              00000005
T0IF                              00000002
T0SE                              00000004
T1CKPS0                           00000004
T1CKPS1                           00000005
T1CON                             00000010
T1GINV                            00000007
T1GIV                             00000007
T1GSS                             00000001
T1INSYNC                          00000002
T1OSCEN                           00000003
T1SYNC                            00000002
T2CKPS0                           00000000
T2CKPS1                           00000001
T2CON                             00000012
TEXTO_F1                          00000046
TEXTO_F2                          00000056
TIEMPO                            0000006C
TMR0                              00000001
TMR0IE                            00000005
TMR0IF                            00000002
TMR1                              0000000E
TMR1CS                            00000001
TMR1GE                            00000006
TMR1H                             0000000F
MPASM  5.49                 TAREA_DISPLAY.ASM   5-26-2018  15:08:38         PAGE 11


SYMBOL TABLE
  LABEL                             VALUE 

TMR1IE                            00000000
TMR1IF                            00000000
TMR1L                             0000000E
TMR1ON                            00000000
TMR2                              00000011
TMR2IE                            00000001
TMR2IF                            00000001
TMR2ON                            00000002
TOUTPS0                           00000003
TOUTPS1                           00000004
TOUTPS2                           00000005
TOUTPS3                           00000006
TRISA                             00000085
TRISA0                            00000000
TRISA1                            00000001
TRISA2                            00000002
TRISA3                            00000003
TRISA4                            00000004
TRISA5                            00000005
TRISA6                            00000006
TRISA7                            00000007
TRISB                             00000086
TRISB0                            00000000
TRISB1                            00000001
TRISB2                            00000002
TRISB3                            00000003
TRISB4                            00000004
TRISB5                            00000005
TRISB6                            00000006
TRISB7                            00000007
TRISC                             00000087
TRISC0                            00000000
TRISC1                            00000001
TRISC2                            00000002
TRISC3                            00000003
TRISC4                            00000004
TRISC5                            00000005
TRISC6                            00000006
TRISC7                            00000007
TRISD                             00000088
TRISD0                            00000000
TRISD1                            00000001
TRISD2                            00000002
TRISD3                            00000003
TRISD4                            00000004
TRISD5                            00000005
TRISD6                            00000006
TRISD7                            00000007
TRISE                             00000089
TRISE0                            00000000
TRISE1                            00000001
TRISE2                            00000002
TRISE3                            00000003
MPASM  5.49                 TAREA_DISPLAY.ASM   5-26-2018  15:08:38         PAGE 12


SYMBOL TABLE
  LABEL                             VALUE 

TRMT                              00000001
TUN0                              00000000
TUN1                              00000001
TUN2                              00000002
TUN3                              00000003
TUN4                              00000004
TX8_9                             00000006
TX9                               00000006
TX9D                              00000000
TXD8                              00000000
TXEN                              00000005
TXIE                              00000004
TXIF                              00000004
TXREG                             00000019
TXSTA                             00000098
UA                                00000001
ULPWUE                            00000005
ULPWUIE                           00000002
ULPWUIF                           00000002
VCFG0                             00000004
VCFG1                             00000005
VR0                               00000000
VR1                               00000001
VR2                               00000002
VR3                               00000003
VRCON                             00000097
VREN                              00000007
VROE                              00000006
VRR                               00000005
VRSS                              00000004
W                                 00000000
WCOL                              00000007
WDTCON                            00000105
WDTPS0                            00000001
WDTPS1                            00000002
WDTPS2                            00000003
WDTPS3                            00000004
WPUB                              00000095
WPUB0                             00000000
WPUB1                             00000001
WPUB2                             00000002
WPUB3                             00000003
WPUB4                             00000004
WPUB5                             00000005
WPUB6                             00000006
WPUB7                             00000007
WR                                00000001
WREN                              00000002
WRERR                             00000003
WUE                               00000001
Z                                 00000002
_.org_0_002B                      0000002B
_BOR21V                           00003EFF
MPASM  5.49                 TAREA_DISPLAY.ASM   5-26-2018  15:08:38         PAGE 13


SYMBOL TABLE
  LABEL                             VALUE 

_BOR40V                           00003FFF
_BOR4V_BOR21V                     00003EFF
_BOR4V_BOR40V                     00003FFF
_BOREN_NSLEEP                     00003EFF
_BOREN_OFF                        00003CFF
_BOREN_ON                         00003FFF
_BOREN_SBODEN                     00003DFF
_BOR_NSLEEP                       00003EFF
_BOR_OFF                          00003CFF
_BOR_ON                           00003FFF
_BOR_SBODEN                       00003DFF
_CONFIG1                          00002007
_CONFIG2                          00002008
_CPD_OFF                          00003FFF
_CPD_ON                           00003F7F
_CP_OFF                           00003FFF
_CP_ON                            00003FBF
_DEBUG_OFF                        00003FFF
_DEBUG_ON                         00001FFF
_DEVID1                           00002006
_EC_OSC                           00003FFB
_EXTRC                            00003FFF
_EXTRCIO                          00003FFE
_EXTRC_OSC_CLKOUT                 00003FFF
_EXTRC_OSC_NOCLKOUT               00003FFE
_FCMEN_OFF                        000037FF
_FCMEN_ON                         00003FFF
_FOSC_EC                          00003FFB
_FOSC_EXTRC_CLKOUT                00003FFF
_FOSC_EXTRC_NOCLKOUT              00003FFE
_FOSC_HS                          00003FFA
_FOSC_INTRC_CLKOUT                00003FFD
_FOSC_INTRC_NOCLKOUT              00003FFC
_FOSC_LP                          00003FF8
_FOSC_XT                          00003FF9
_HS_OSC                           00003FFA
_IDLOC0                           00002000
_IDLOC1                           00002001
_IDLOC2                           00002002
_IDLOC3                           00002003
_IESO_OFF                         00003BFF
_IESO_ON                          00003FFF
_INTOSC                           00003FFD
_INTOSCIO                         00003FFC
_INTRC_OSC_CLKOUT                 00003FFD
_INTRC_OSC_NOCLKOUT               00003FFC
_LP_OSC                           00003FF8
_LVP_OFF                          00002FFF
_LVP_ON                           00003FFF
_MCLRE_OFF                        00003FDF
_MCLRE_ON                         00003FFF
_PWRTE_OFF                        00003FFF
_PWRTE_ON                         00003FEF
MPASM  5.49                 TAREA_DISPLAY.ASM   5-26-2018  15:08:38         PAGE 14


SYMBOL TABLE
  LABEL                             VALUE 

_WDTE_OFF                         00003FF7
_WDTE_ON                          00003FFF
_WDT_OFF                          00003FF7
_WDT_ON                           00003FFF
_WRT_1FOURTH                      00003BFF
_WRT_256                          00003DFF
_WRT_HALF                         000039FF
_WRT_OFF                          00003FFF
_XT_OSC                           00003FF9
__16F887                          00000001
__DEBUG                           1

Errors   :     0
Warnings :     0 reported,     0 suppressed
Messages :     4 reported,     0 suppressed

