MPASM  5.49                         UART_.ASM   6-12-2018  21:17:11         PAGE  1


LOC  OBJECT CODE     LINE SOURCE TEXT
  VALUE

                      00001                                 PROCESSOR   16F887
                      00002                                 INCLUDE <P16F887.inc>
                      00001         LIST
                      00002 
                      00003 ;==========================================================================
                      00004 ;  MPASM PIC16F887 processor include
                      00005 ; 
                      00006 ;  (c) Copyright 1999-2013 Microchip Technology, All rights reserved
                      00007 ;==========================================================================
                      00008 
                      00809         LIST
2007   2BE2           00003                 __CONFIG    0X2007,0X2BE2
2008   3FFF           00004                                 __CONFIG        0X2008,0X3FFF
                      00005                         ORG                     0X00
0000   2???           00006                         GOTO            INICIO
                      00007                             ORG                 0X04
0004   2???           00008                             GOTO                RSI
                      00009                                 INCLUDE         <SUBS_TIEMPO.ASM>
0005   0000           00001 ST1V:                   NOP
0006   0000           00002                 NOP
0007   0000           00003                 NOP
0008   0BE0           00004                 DECFSZ      0X60,F
0009   2???           00005                 GOTO        ST1V
000A   0008           00006                 RETURN
                      00007 ;+++++++++++++++++++++++++++++++++++++++
000B   0862           00008 ST2V:                   MOVF            0X62,W
000C   00E3           00009                                 MOVWF           0X63
000D   0000           00010 DECRE2V                 NOP
000E   0000           00011                 NOP
000F   0000           00012                 NOP
0010   0BE3           00013                 DECFSZ      0X63,F
0011   2???           00014                 GOTO        DECRE2V
0012   0BE1           00015                                 DECFSZ          0X61,F
0013   2???           00016                                 GOTO            ST2V
0014   0008           00017                 RETURN
                      00018 ;++++++++++++++++++++++++++++++++++++++++
0015   0866           00019 ST3V:                   MOVF            0X66,W
0016   00E7           00020                                 MOVWF           0X67
0017   0865           00021 RECARGA3V:              MOVF            0X65,W
0018   00E8           00022                                 MOVWF           0X68
0019   0000           00023 DECRE3V:                NOP
001A   0000           00024                 NOP
001B   0000           00025                 NOP
001C   0BE8           00026                 DECFSZ      0X68,F
001D   2???           00027                 GOTO        DECRE3V
001E   0BE7           00028                                 DECFSZ          0X67,F
001F   2???           00029                                 GOTO            RECARGA3V
0020   0BE4           00030                                 DECFSZ          0X64,F
0021   2???           00031                                 GOTO            ST3V
0022   0008           00032                 RETURN
                      00033 ;++++++++++++++++++++++++++++++++++++++++++++                
                      00034             
                      00010 ;********************************************************************************************
MPASM  5.49                         UART_.ASM   6-12-2018  21:17:11         PAGE  2


LOC  OBJECT CODE     LINE SOURCE TEXT
  VALUE

                      00011 
0023   120C           00012 TX_DATO                 BCF             PIR1,TXIF  
0024   0099           00013                         MOVWF           TXREG      
0025   1683           00014                         BSF             STATUS,RP0
Message[302]: Register in operand not in bank 0.  Ensure that bank bits are correct.
0026   1C98           00015                                 BTFSS           TXSTA,TRMT  
0027   2???           00016                         GOTO            $-1
0028   1283           00017                         BCF             STATUS,RP0
0029   0008           00018                         RETURN
                      00019 
                      00020 ;******************************************************************************************
                      00021 
002A   1E8C           00022 RSI                     BTFSS           PIR1,RCIF   
002B   2???           00023                                 GOTO            INT2
002C   2???           00024 INT1                    CALL            LCD_INI
002D   128C           00025                                 BCF             PIR1,RCIF   
002E   081A           00026                                 MOVF            RCREG,W
002F   0088           00027                                 MOVWF           PORTD
0030   2???           00028                                 CALL            MANDAR
0031   0009           00029                         RETFIE
                      00030 
0032   2???           00031 INT2                    CALL            T25MS
0033   01C0           00032                                 CLRF            0X40
0034   0806           00033                                 MOVF            PORTB,W
                      00034 
0035   1A06           00035 FUEF0                   BTFSC           PORTB,4 ;FILAS  
0036   2???           00036                                 GOTO            FUEF1
0037   300C           00037                                 MOVLW           .12
0038   2???           00038                                 GOTO            FINF                    
                      00039 
0039   1A86           00040 FUEF1                   BTFSC           PORTB,5 
003A   2???           00041                                 GOTO            FUEF2
003B   3008           00042                                 MOVLW           .8
003C   2???           00043                                 GOTO            FINF                            
                      00044 
003D   1B06           00045 FUEF2                   BTFSC           PORTB,6
003E   2???           00046                                 GOTO            FUEF3
003F   3004           00047                                 MOVLW           .4
0040   2???           00048                                 GOTO            FINF                    
                      00049 
0041   3000           00050 FUEF3                   MOVLW           .0
                      00051 
0042   00C0           00052 FINF                    MOVWF           0X40                    
0043   0186           00053                                 CLRF            PORTB
0044   1683           00054                                 BSF                     STATUS,RP0      ;B1     
0045   300F           00055                                 MOVLW           0X0F
Message[302]: Register in operand not in bank 0.  Ensure that bank bits are correct.
0046   0086           00056                                 MOVWF           TRISB
0047   30FF           00057                                 MOVLW           0XFF
Message[302]: Register in operand not in bank 0.  Ensure that bank bits are correct.
0048   0095           00058                                 MOVWF           WPUB
0049   1283           00059                                 BCF                     STATUS,RP0      ;B0
004A   0186           00060                                 CLRF            PORTB                           
MPASM  5.49                         UART_.ASM   6-12-2018  21:17:11         PAGE  3


LOC  OBJECT CODE     LINE SOURCE TEXT
  VALUE

Message[302]: Register in operand not in bank 0.  Ensure that bank bits are correct.
004B   1381           00061                                 BCF                     OPTION_REG,.7
                      00062 
004C   1886           00063 FUEC1                   BTFSC           PORTB,1 ;COLUMNAS
004D   2???           00064                                 GOTO            FUEC2
004E   3002           00065                                 MOVLW           .2
004F   2???           00066                                 GOTO            FINC                    
                      00067 
0050   1906           00068 FUEC2                   BTFSC           PORTB,2 
0051   2???           00069                                 GOTO            FUEC3
0052   3001           00070                                 MOVLW           .1
0053   2???           00071                                 GOTO            FINC                    
                      00072 
0054   1986           00073 FUEC3                   BTFSC           PORTB,3 
0055   2???           00074                                 GOTO            FUEC4
0056   3000           00075                                 MOVLW           .0
0057   2???           00076                                 GOTO            FINC                    
                      00077 
0058   3003           00078 FUEC4                   MOVLW           .3
                      00079 
                      00080 
0059   07C0           00081 FINC                    ADDWF           0X40,F
005A   0840           00082                                 MOVF            0X40,W
005B   2???           00083                                 CALL            TX_DATO 
                      00084 
005C   0806           00085                                 MOVF            PORTB,W
005D   3A0F           00086                                 XORLW           0X0F
005E   1D03           00087                                 BTFSS           STATUS,Z
005F   2???           00088                                 GOTO            $-3
0060   2???           00089                                 CALL            T25MS
                      00090 
0061   1683           00091                                 BSF                     STATUS,RP0      ;B1
0062   30F0           00092                                 MOVLW           0XF0
Message[302]: Register in operand not in bank 0.  Ensure that bank bits are correct.
0063   0086           00093                                 MOVWF           TRISB
0064   1283           00094                                 BCF                     STATUS,RP0      ;B0
Message[302]: Register in operand not in bank 0.  Ensure that bank bits are correct.
0065   1381           00095                                 BCF                     OPTION_REG,.7
0066   0806           00096                                 MOVF            PORTB,W
0067   100B           00097                                 BCF                     INTCON,RBIF
0068   0009           00098                                 RETFIE
                      00099 ;*******************************************************************************************
                      00100 
0069   0187           00101 INICIO              CLRF                PORTC      
006A   0186           00102                             CLRF                PORTB
006B   1683           00103                             BSF                 STATUS,RP0  
Message[302]: Register in operand not in bank 0.  Ensure that bank bits are correct.
006C   0188           00104                                 CLRF            TRISD
006D   30F0           00105                                 MOVLW           0XF0
Message[302]: Register in operand not in bank 0.  Ensure that bank bits are correct.
006E   0086           00106                                 MOVWF           TRISB
006F   30FF           00107                                 MOVLW           0XFF            
Message[302]: Register in operand not in bank 0.  Ensure that bank bits are correct.
MPASM  5.49                         UART_.ASM   6-12-2018  21:17:11         PAGE  4


LOC  OBJECT CODE     LINE SOURCE TEXT
  VALUE

0070   0096           00108                             MOVWF               IOCB    
0071   30B3           00109                             MOVLW       B'10110011'
Message[302]: Register in operand not in bank 0.  Ensure that bank bits are correct.
0072   0087           00110                             MOVWF       TRISC    
0073   30CF           00111                             MOVLW       B'11001111'
Message[302]: Register in operand not in bank 0.  Ensure that bank bits are correct.
0074   0081           00112                             MOVWF       OPTION_REG   
Message[302]: Register in operand not in bank 0.  Ensure that bank bits are correct.
0075   1381           00113                             BCF                 OPTION_REG,.7
0076   1703           00114                                 BSF                     STATUS,RP1      
Message[302]: Register in operand not in bank 0.  Ensure that bank bits are correct.
0077   0188           00115                                 CLRF            ANSEL
Message[302]: Register in operand not in bank 0.  Ensure that bank bits are correct.
0078   0189           00116                                 CLRF            ANSELH  
0079   1303           00117                                 BCF                     STATUS,RP1
007A   3024           00118                                 MOVLW           b'00100100'   
Message[302]: Register in operand not in bank 0.  Ensure that bank bits are correct.
007B   0098           00119                                 MOVWF           TXSTA     
007C   3019           00120                                 MOVLW           .25
Message[302]: Register in operand not in bank 0.  Ensure that bank bits are correct.
007D   0099           00121                                 MOVWF           SPBRG     
                      00122                 
Message[302]: Register in operand not in bank 0.  Ensure that bank bits are correct.
007E   168C           00123                         BSF             PIE1,RCIE 
007F   1283           00124                         BCF             STATUS,RP0 
                      00125                                 
                      00126                 
0080   3090           00127                             MOVLW       b'10010000'
0081   0098           00128                             MOVWF       RCSTA     
0082   170B           00129                             BSF                 INTCON,PEIE   
0083   0806           00130                             MOVF                PORTB,W
0084   100B           00131                                 BCF                     INTCON,RBIF     
0085   158B           00132                                 BSF                     INTCON,RBIE
0086   178B           00133                         BSF             INTCON,GIE   
0087   2???           00134                                 CALL            LCD_INI
0088   2???           00135                                 GOTO            $
                      00136 
0089   1107           00137 LCD_INI                 BCF                     PORTC,.2
008A   3001           00138                                 MOVLW           0X01
008B   0088           00139                                 MOVWF           PORTD
008C   2???           00140                                 CALL            EJECUTA
008D   300C           00141                                 MOVLW           0X0C
008E   0088           00142                                 MOVWF           PORTD
008F   2???           00143                                 CALL            EJECUTA
0090   303C           00144                                 MOVLW           0X3C
0091   0088           00145                                 MOVWF           PORTD
0092   2???           00146                                 CALL            EJECUTA
0093   1507           00147                                 BSF                     PORTC,.2
0094   0008           00148                                 RETURN
                      00149         
0095   1587           00150 EJECUTA                 BSF                     PORTC,.3
0096   2???           00151                                 CALL            TIEMPO
0097   2???           00152                                 CALL            TIEMPO
MPASM  5.49                         UART_.ASM   6-12-2018  21:17:11         PAGE  5


LOC  OBJECT CODE     LINE SOURCE TEXT
  VALUE

0098   1187           00153                                 BCF                     PORTC,.3
0099   2???           00154                                 CALL            TIEMPO
009A   0008           00155                                 RETURN
                      00156         
009B   1507           00157 MANDAR                  BSF                     PORTC,.2
009C   2???           00158                                 CALL            EJECUTA
009D   0008           00159                                 RETURN
                      00160         
009E   1107           00161 NEXT                    BCF                     PORTC,.2
009F   30C0           00162                                 MOVLW           0XC0
00A0   0088           00163                                 MOVWF           PORTD
00A1   2???           00164                                 CALL            EJECUTA
00A2   0008           00165                                 RETURN
                      00166         
00A3   300A           00167 TIEMPO                  MOVLW           .10     
00A4   00E1           00168                                 MOVWF           0X61
00A5   300A           00169                                 MOVLW           .10
00A6   00E2           00170                                 MOVWF           0X62
00A7   2???           00171                                 CALL            ST2V
00A8   0008           00172                                 RETURN
00A9   302C           00173 T25MS                   MOVLW           .44
00AA   00E1           00174                                 MOVWF           0X61
00AB   305E           00175                                 MOVLW           .94
00AC   00E2           00176                                 MOVWF           0X62
00AD   2???           00177                                 CALL            ST2V
00AE   0008           00178                                 RETURN
2BE2 3FFF             00179                         END 
MPASM  5.49                         UART_.ASM   6-12-2018  21:17:11         PAGE  6


SYMBOL TABLE
  LABEL                             VALUE 

ABDEN                             00000000
ABDOVF                            00000007
ACKDT                             00000005
ACKEN                             00000004
ACKSTAT                           00000006
ADCON0                            0000001F
ADCON1                            0000009F
ADCS0                             00000006
ADCS1                             00000007
ADDEN                             00000003
ADFM                              00000007
ADIE                              00000006
ADIF                              00000006
ADON                              00000000
ADRESH                            0000001E
ADRESL                            0000009E
ANS0                              00000000
ANS1                              00000001
ANS10                             00000002
ANS11                             00000003
ANS12                             00000004
ANS13                             00000005
ANS2                              00000002
ANS3                              00000003
ANS4                              00000004
ANS5                              00000005
ANS6                              00000006
ANS7                              00000007
ANS8                              00000000
ANS9                              00000001
ANSEL                             00000188
ANSELH                            00000189
BAUDCTL                           00000187
BCLIE                             00000003
BCLIF                             00000003
BF                                00000000
BRG0                              00000000
BRG1                              00000001
BRG10                             00000002
BRG11                             00000003
BRG12                             00000004
BRG13                             00000005
BRG14                             00000006
BRG15                             00000007
BRG16                             00000003
BRG2                              00000002
BRG3                              00000003
BRG4                              00000004
BRG5                              00000005
BRG6                              00000006
BRG7                              00000007
BRG8                              00000000
BRG9                              00000001
MPASM  5.49                         UART_.ASM   6-12-2018  21:17:11         PAGE  7


SYMBOL TABLE
  LABEL                             VALUE 

BRGH                              00000002
C                                 00000000
C1CH0                             00000000
C1CH1                             00000001
C1IE                              00000005
C1IF                              00000005
C1OE                              00000005
C1ON                              00000007
C1OUT                             00000006
C1POL                             00000004
C1R                               00000002
C1RSEL                            00000005
C1SEN                             00000005
C2CH0                             00000000
C2CH1                             00000001
C2IE                              00000006
C2IF                              00000006
C2OE                              00000005
C2ON                              00000007
C2OUT                             00000006
C2POL                             00000004
C2R                               00000002
C2REN                             00000004
C2RSEL                            00000004
C2SYNC                            00000000
CCP1CON                           00000017
CCP1IE                            00000002
CCP1IF                            00000002
CCP1M0                            00000000
CCP1M1                            00000001
CCP1M2                            00000002
CCP1M3                            00000003
CCP1X                             00000005
CCP1Y                             00000004
CCP2CON                           0000001D
CCP2IE                            00000000
CCP2IF                            00000000
CCP2M0                            00000000
CCP2M1                            00000001
CCP2M2                            00000002
CCP2M3                            00000003
CCP2X                             00000005
CCP2Y                             00000004
CCPR1                             00000015
CCPR1H                            00000016
CCPR1L                            00000015
CCPR2                             0000001B
CCPR2H                            0000001C
CCPR2L                            0000001B
CHS0                              00000002
CHS1                              00000003
CHS2                              00000004
CHS3                              00000005
MPASM  5.49                         UART_.ASM   6-12-2018  21:17:11         PAGE  8


SYMBOL TABLE
  LABEL                             VALUE 

CKE                               00000006
CKP                               00000004
CM1CON0                           00000107
CM2CON0                           00000108
CM2CON1                           00000109
CREN                              00000004
CSRC                              00000007
D                                 00000005
DATA_ADDRESS                      00000005
DC                                00000001
DC1B0                             00000004
DC1B1                             00000005
DC2B0                             00000004
DC2B1                             00000005
DECRE2V                           0000000D
DECRE3V                           00000019
D_A                               00000005
D_NOT_A                           00000005
ECCPAS                            0000009C
ECCPAS0                           00000004
ECCPAS1                           00000005
ECCPAS2                           00000006
ECCPASE                           00000007
EEADR                             0000010D
EEADRH                            0000010F
EECON1                            0000018C
EECON2                            0000018D
EEDAT                             0000010C
EEDATA                            0000010C
EEDATH                            0000010E
EEIE                              00000004
EEIF                              00000004
EEPGD                             00000007
EJECUTA                           00000095
F                                 00000001
FERR                              00000002
FINC                              00000059
FINF                              00000042
FSR                               00000004
FUEC1                             0000004C
FUEC2                             00000050
FUEC3                             00000054
FUEC4                             00000058
FUEF0                             00000035
FUEF1                             00000039
FUEF2                             0000003D
FUEF3                             00000041
FVREN                             00000000
GCEN                              00000007
GIE                               00000007
GO                                00000001
GO_DONE                           00000001
GO_NOT_DONE                       00000001
MPASM  5.49                         UART_.ASM   6-12-2018  21:17:11         PAGE  9


SYMBOL TABLE
  LABEL                             VALUE 

HTS                               00000002
I2C_DATA                          00000005
I2C_READ                          00000002
I2C_START                         00000003
I2C_STOP                          00000004
INDF                              00000000
INICIO                            00000069
INT1                              0000002C
INT2                              00000032
INTCON                            0000000B
INTE                              00000004
INTEDG                            00000006
INTF                              00000001
IOCB                              00000096
IOCB0                             00000000
IOCB1                             00000001
IOCB2                             00000002
IOCB3                             00000003
IOCB4                             00000004
IOCB5                             00000005
IOCB6                             00000006
IOCB7                             00000007
IRCF0                             00000004
IRCF1                             00000005
IRCF2                             00000006
IRP                               00000007
LCD_INI                           00000089
LTS                               00000001
MANDAR                            0000009B
MC1OUT                            00000007
MC2OUT                            00000006
MSK                               00000093
MSK0                              00000000
MSK1                              00000001
MSK2                              00000002
MSK3                              00000003
MSK4                              00000004
MSK5                              00000005
MSK6                              00000006
MSK7                              00000007
NEXT                              0000009E
NOT_A                             00000005
NOT_ADDRESS                       00000005
NOT_BO                            00000000
NOT_BOR                           00000000
NOT_DONE                          00000001
NOT_PD                            00000003
NOT_POR                           00000001
NOT_RBPU                          00000007
NOT_RC8                           00000006
NOT_T1SYNC                        00000002
NOT_TO                            00000004
NOT_TX8                           00000006
MPASM  5.49                         UART_.ASM   6-12-2018  21:17:11         PAGE 10


SYMBOL TABLE
  LABEL                             VALUE 

NOT_W                             00000002
NOT_WRITE                         00000002
OERR                              00000001
OPTION_REG                        00000081
OSCCON                            0000008F
OSCTUNE                           00000090
OSFIE                             00000007
OSFIF                             00000007
OSTS                              00000003
P                                 00000004
P1M0                              00000006
P1M1                              00000007
PCL                               00000002
PCLATH                            0000000A
PCON                              0000008E
PDC0                              00000000
PDC1                              00000001
PDC2                              00000002
PDC3                              00000003
PDC4                              00000004
PDC5                              00000005
PDC6                              00000006
PEIE                              00000006
PEN                               00000002
PIE1                              0000008C
PIE2                              0000008D
PIR1                              0000000C
PIR2                              0000000D
PORTA                             00000005
PORTB                             00000006
PORTC                             00000007
PORTD                             00000008
PORTE                             00000009
PR2                               00000092
PRSEN                             00000007
PS0                               00000000
PS1                               00000001
PS2                               00000002
PSA                               00000003
PSSAC0                            00000002
PSSAC1                            00000003
PSSBD0                            00000000
PSSBD1                            00000001
PSTRCON                           0000009D
PULSR                             00000002
PULSS                             00000003
PWM1CON                           0000009B
R                                 00000002
RA0                               00000000
RA1                               00000001
RA2                               00000002
RA3                               00000003
RA4                               00000004
MPASM  5.49                         UART_.ASM   6-12-2018  21:17:11         PAGE 11


SYMBOL TABLE
  LABEL                             VALUE 

RA5                               00000005
RA6                               00000006
RA7                               00000007
RB0                               00000000
RB1                               00000001
RB2                               00000002
RB3                               00000003
RB4                               00000004
RB5                               00000005
RB6                               00000006
RB7                               00000007
RBIE                              00000003
RBIF                              00000000
RC0                               00000000
RC1                               00000001
RC2                               00000002
RC3                               00000003
RC4                               00000004
RC5                               00000005
RC6                               00000006
RC7                               00000007
RC8_9                             00000006
RC9                               00000006
RCD8                              00000000
RCEN                              00000003
RCIDL                             00000006
RCIE                              00000005
RCIF                              00000005
RCREG                             0000001A
RCSTA                             00000018
RD                                00000000
RD0                               00000000
RD1                               00000001
RD2                               00000002
RD3                               00000003
RD4                               00000004
RD5                               00000005
RD6                               00000006
RD7                               00000007
RE0                               00000000
RE1                               00000001
RE2                               00000002
RE3                               00000003
READ_WRITE                        00000002
RECARGA3V                         00000017
RP0                               00000005
RP1                               00000006
RSEN                              00000001
RSI                               0000002A
RX9                               00000006
RX9D                              00000000
R_NOT_W                           00000002
R_W                               00000002
MPASM  5.49                         UART_.ASM   6-12-2018  21:17:11         PAGE 12


SYMBOL TABLE
  LABEL                             VALUE 

S                                 00000003
SBOREN                            00000004
SCKP                              00000004
SCS                               00000000
SEN                               00000000
SENDB                             00000003
SMP                               00000007
SPBRG                             00000099
SPBRGH                            0000009A
SPEN                              00000007
SR0                               00000006
SR1                               00000007
SRCON                             00000185
SREN                              00000005
SSPADD                            00000093
SSPBUF                            00000013
SSPCON                            00000014
SSPCON2                           00000091
SSPEN                             00000005
SSPIE                             00000003
SSPIF                             00000003
SSPM0                             00000000
SSPM1                             00000001
SSPM2                             00000002
SSPM3                             00000003
SSPMSK                            00000093
SSPOV                             00000006
SSPSTAT                           00000094
ST1V                              00000005
ST2V                              0000000B
ST3V                              00000015
STATUS                            00000003
STRA                              00000000
STRB                              00000001
STRC                              00000002
STRD                              00000003
STRSYNC                           00000004
SWDTEN                            00000000
SYNC                              00000004
T0CS                              00000005
T0IE                              00000005
T0IF                              00000002
T0SE                              00000004
T1CKPS0                           00000004
T1CKPS1                           00000005
T1CON                             00000010
T1GINV                            00000007
T1GIV                             00000007
T1GSS                             00000001
T1INSYNC                          00000002
T1OSCEN                           00000003
T1SYNC                            00000002
T25MS                             000000A9
MPASM  5.49                         UART_.ASM   6-12-2018  21:17:11         PAGE 13


SYMBOL TABLE
  LABEL                             VALUE 

T2CKPS0                           00000000
T2CKPS1                           00000001
T2CON                             00000012
TIEMPO                            000000A3
TMR0                              00000001
TMR0IE                            00000005
TMR0IF                            00000002
TMR1                              0000000E
TMR1CS                            00000001
TMR1GE                            00000006
TMR1H                             0000000F
TMR1IE                            00000000
TMR1IF                            00000000
TMR1L                             0000000E
TMR1ON                            00000000
TMR2                              00000011
TMR2IE                            00000001
TMR2IF                            00000001
TMR2ON                            00000002
TOUTPS0                           00000003
TOUTPS1                           00000004
TOUTPS2                           00000005
TOUTPS3                           00000006
TRISA                             00000085
TRISA0                            00000000
TRISA1                            00000001
TRISA2                            00000002
TRISA3                            00000003
TRISA4                            00000004
TRISA5                            00000005
TRISA6                            00000006
TRISA7                            00000007
TRISB                             00000086
TRISB0                            00000000
TRISB1                            00000001
TRISB2                            00000002
TRISB3                            00000003
TRISB4                            00000004
TRISB5                            00000005
TRISB6                            00000006
TRISB7                            00000007
TRISC                             00000087
TRISC0                            00000000
TRISC1                            00000001
TRISC2                            00000002
TRISC3                            00000003
TRISC4                            00000004
TRISC5                            00000005
TRISC6                            00000006
TRISC7                            00000007
TRISD                             00000088
TRISD0                            00000000
TRISD1                            00000001
MPASM  5.49                         UART_.ASM   6-12-2018  21:17:11         PAGE 14


SYMBOL TABLE
  LABEL                             VALUE 

TRISD2                            00000002
TRISD3                            00000003
TRISD4                            00000004
TRISD5                            00000005
TRISD6                            00000006
TRISD7                            00000007
TRISE                             00000089
TRISE0                            00000000
TRISE1                            00000001
TRISE2                            00000002
TRISE3                            00000003
TRMT                              00000001
TUN0                              00000000
TUN1                              00000001
TUN2                              00000002
TUN3                              00000003
TUN4                              00000004
TX8_9                             00000006
TX9                               00000006
TX9D                              00000000
TXD8                              00000000
TXEN                              00000005
TXIE                              00000004
TXIF                              00000004
TXREG                             00000019
TXSTA                             00000098
TX_DATO                           00000023
UA                                00000001
ULPWUE                            00000005
ULPWUIE                           00000002
ULPWUIF                           00000002
VCFG0                             00000004
VCFG1                             00000005
VR0                               00000000
VR1                               00000001
VR2                               00000002
VR3                               00000003
VRCON                             00000097
VREN                              00000007
VROE                              00000006
VRR                               00000005
VRSS                              00000004
W                                 00000000
WCOL                              00000007
WDTCON                            00000105
WDTPS0                            00000001
WDTPS1                            00000002
WDTPS2                            00000003
WDTPS3                            00000004
WPUB                              00000095
WPUB0                             00000000
WPUB1                             00000001
WPUB2                             00000002
MPASM  5.49                         UART_.ASM   6-12-2018  21:17:11         PAGE 15


SYMBOL TABLE
  LABEL                             VALUE 

WPUB3                             00000003
WPUB4                             00000004
WPUB5                             00000005
WPUB6                             00000006
WPUB7                             00000007
WR                                00000001
WREN                              00000002
WRERR                             00000003
WUE                               00000001
Z                                 00000002
_.org_1_0027                      00000027
_.org_1_005F                      0000005F
_.org_1_0088                      00000088
_BOR21V                           00003EFF
_BOR40V                           00003FFF
_BOR4V_BOR21V                     00003EFF
_BOR4V_BOR40V                     00003FFF
_BOREN_NSLEEP                     00003EFF
_BOREN_OFF                        00003CFF
_BOREN_ON                         00003FFF
_BOREN_SBODEN                     00003DFF
_BOR_NSLEEP                       00003EFF
_BOR_OFF                          00003CFF
_BOR_ON                           00003FFF
_BOR_SBODEN                       00003DFF
_CONFIG1                          00002007
_CONFIG2                          00002008
_CPD_OFF                          00003FFF
_CPD_ON                           00003F7F
_CP_OFF                           00003FFF
_CP_ON                            00003FBF
_DEBUG_OFF                        00003FFF
_DEBUG_ON                         00001FFF
_DEVID1                           00002006
_EC_OSC                           00003FFB
_EXTRC                            00003FFF
_EXTRCIO                          00003FFE
_EXTRC_OSC_CLKOUT                 00003FFF
_EXTRC_OSC_NOCLKOUT               00003FFE
_FCMEN_OFF                        000037FF
_FCMEN_ON                         00003FFF
_FOSC_EC                          00003FFB
_FOSC_EXTRC_CLKOUT                00003FFF
_FOSC_EXTRC_NOCLKOUT              00003FFE
_FOSC_HS                          00003FFA
_FOSC_INTRC_CLKOUT                00003FFD
_FOSC_INTRC_NOCLKOUT              00003FFC
_FOSC_LP                          00003FF8
_FOSC_XT                          00003FF9
_HS_OSC                           00003FFA
_IDLOC0                           00002000
_IDLOC1                           00002001
_IDLOC2                           00002002
MPASM  5.49                         UART_.ASM   6-12-2018  21:17:11         PAGE 16


SYMBOL TABLE
  LABEL                             VALUE 

_IDLOC3                           00002003
_IESO_OFF                         00003BFF
_IESO_ON                          00003FFF
_INTOSC                           00003FFD
_INTOSCIO                         00003FFC
_INTRC_OSC_CLKOUT                 00003FFD
_INTRC_OSC_NOCLKOUT               00003FFC
_LP_OSC                           00003FF8
_LVP_OFF                          00002FFF
_LVP_ON                           00003FFF
_MCLRE_OFF                        00003FDF
_MCLRE_ON                         00003FFF
_PWRTE_OFF                        00003FFF
_PWRTE_ON                         00003FEF
_WDTE_OFF                         00003FF7
_WDTE_ON                          00003FFF
_WDT_OFF                          00003FF7
_WDT_ON                           00003FFF
_WRT_1FOURTH                      00003BFF
_WRT_256                          00003DFF
_WRT_HALF                         000039FF
_WRT_OFF                          00003FFF
_XT_OSC                           00003FF9
__16F887                          00000001
__DEBUG                           1

Errors   :     0
Warnings :     0 reported,     0 suppressed
Messages :    17 reported,     0 suppressed

