MPASM  5.49                           DIV.ASM   4-7-2018  21:46:51         PAGE  1


LOC  OBJECT CODE     LINE SOURCE TEXT
  VALUE

                      00001 ;************************************************************
                      00002 ;*                              INSTITUTO POLITECNICO NACIONAL                          *
                      00003 ;*                      Unidad Profesional Interdisciplinara De                 *
                      00004 ;*                        Ingenieria Y Tecnologías Avanzadas                    *
                      00005 ;*                                                                                                      
                                            *
                      00006 ;*                                                                                                      
                                            *
                      00007 ;*                      Programacion De Sistemas En Tiempo Real                 *
                      00008 ;*                                                                                                      
                                            *
                      00009 ;*              Fecha: 29 de marzo del 2018                                                     *       
                      00010 ;*                                                                                                      
                                            *
                      00011 ;*              Ramírez López Jesús Alberto                                                     *
                      00012 ;*              Zoza Tejeda Nicole Denisse                                                      *
                      00013 ;*              Becerril Ortega Saul                                                            *
                      00014 ;*                                                                                                      
                                            *
                      00015 ;*              PROGRAMA:division de dos puertos                                        *
                      00016 ;*              PARA: MICROCONTROLADOR PIC16F887                                        *
                      00017 ;*              ENSAMBLADO EN: MPLAB For Windows                                        *
                      00018 ;************************************************************
                      00019                         PROCESSOR 16F887
                      00020                         INCLUDE <P16F887.inc>
                      00001         LIST
                      00002 
                      00003 ;==========================================================================
                      00004 ;  MPASM PIC16F887 processor include
                      00005 ; 
                      00006 ;  (c) Copyright 1999-2013 Microchip Technology, All rights reserved
                      00007 ;==========================================================================
                      00008 
                      00809         LIST
2007   2BE2           00021                         __CONFIG 0X2007,0X2BE2
2008   3FFF           00022                         __CONFIG 0X2008,0X3FFF
                      00023 
Warning[207]: Found label after column 1. (DATO1)
  00000021            00024                         DATO1           EQU     0X21
Warning[207]: Found label after column 1. (DATO2)
  00000022            00025                         DATO2           EQU     0X22
Warning[207]: Found label after column 1. (CONTADOR)
  00000023            00026                         CONTADOR        EQU     0X23    
Warning[207]: Found label after column 1. (RESULTADOM)
  00000024            00027                         RESULTADOM      EQU     0X24    
                      00028 ;******************************************************************
                      00029 ;                       CONFIGURACION DE PUERTOS
                      00030 ;PORTA->NUMERADOR               PORTB->DENOMINADOR              
                      00031 ;PORTC->SALIDA1                 PORTD->SALIDA2
                      00032 ;******************************************************************
                      00033                         ORG     0X00
0000   0185           00034                         CLRF    PORTA
0001   0186           00035                         CLRF    PORTB
MPASM  5.49                           DIV.ASM   4-7-2018  21:46:51         PAGE  2


LOC  OBJECT CODE     LINE SOURCE TEXT
  VALUE

0002   0187           00036                         CLRF    PORTC
0003   0188           00037                         CLRF    PORTD   
0004   1683           00038                         BSF             STATUS,RP0      ;BANCO1
Message[302]: Register in operand not in bank 0.  Ensure that bank bits are correct.
0005   0187           00039                         CLRF    TRISC
Message[302]: Register in operand not in bank 0.  Ensure that bank bits are correct.
0006   1386           00040                         BCF             TRISB,D'7'
0007   1703           00041                         BSF             STATUS,RP1      ;BANCO3
Message[302]: Register in operand not in bank 0.  Ensure that bank bits are correct.
0008   0188           00042                         CLRF    ANSEL
Message[302]: Register in operand not in bank 0.  Ensure that bank bits are correct.
0009   0189           00043                         CLRF    ANSELH  
000A   1303           00044                         BCF             STATUS,RP1
000B   1283           00045                         BCF             STATUS,RP0      ;BANCO0
                      00046 
000C   1C06           00047                         BTFSS   PORTB,D'0'
000D   2???           00048                         GOTO    $-1
000E   0808           00049                         MOVF    PORTD,W
000F   0087           00050                         MOVWF   PORTC
0010   00A1           00051                         MOVWF   DATO1           ;INGRESO DEL PRIMER DATO
0011   1806           00052                         BTFSC   PORTB,D'0'
0012   2???           00053                         GOTO    $-1
                      00054 
0013   0103           00055                         CLRW
0014   0806           00056                         MOVF    PORTB,W
0015   390E           00057                         ANDLW   B'00001110'
0016   1903           00058                         BTFSC   STATUS,Z
0017   2???           00059                         GOTO    $-4
0018   0808           00060                         MOVF    PORTD,W
0019   00A2           00061                         MOVWF   DATO2           ;DATO2
                      00062                         
001A   1886           00063 MENU:           BTFSC   PORTB,D'1'
001B   2???           00064                         GOTO    INICIOS         ;INICIO SUMA
001C   1906           00065                         BTFSC   PORTB,D'2'
001D   2???           00066                         GOTO    INICIOR         ;INICIO RESTA
001E   1986           00067                         BTFSC   PORTB,D'3'
001F   2???           00068                         GOTO    INICIOM         ;INICIO MULTIPLICACION
0020   2???           00069                         GOTO    MENU    
                      00070 ;******************************************************************
                      00071 ;                       INICIO DE DIVISION
                      00072 ;******************************************************************
0021   01A3           00073 INICIOD:        CLRF    CONTADOR
0022   08A2           00074                         MOVF    DATO2,F
0023   1903           00075                         BTFSC   STATUS,Z
0024   2???           00076                         GOTO    INDETER
0025   08A1           00077                         MOVF    DATO1,F
0026   1903           00078                         BTFSC   STATUS,Z
0027   2???           00079                         GOTO    CERO
                      00080 
0028   0822           00081 RESTA:          MOVF    DATO2,W         ;RAM1<RAM2
0029   02A1           00082                         SUBWF   DATO1,F
                      00083 
002A   1C03           00084                         BTFSS   STATUS,C
MPASM  5.49                           DIV.ASM   4-7-2018  21:46:51         PAGE  3


LOC  OBJECT CODE     LINE SOURCE TEXT
  VALUE

002B   2???           00085                         GOTO    RESULTADO
002C   1903           00086                         BTFSC   STATUS,Z
002D   2???           00087                         GOTO    RESULTADO
Message[305]: Using default destination of 1 (file).
002E   0AA3           00088                         INCF    CONTADOR
002F   2???           00089                         GOTO    RESTA
                      00090 
0030   30FF           00091 INDETER:        MOVLW   D'255'
0031   0087           00092                         MOVWF   PORTC   
0032   1786           00093                         BSF             PORTB,7
0033   0063           00094                         SLEEP
                      00095         
0034   3000           00096 CERO:           MOVLW   D'000'
0035   0087           00097                         MOVWF   PORTC   
0036   1386           00098                         BCF             PORTB,D'7'
0037   0063           00099                         SLEEP
                      00100 
0038   1386           00101 RESULTADO:      BCF             PORTB,D'7'
0039   1D03           00102                         BTFSS   STATUS,Z
003A   1786           00103                         BSF             PORTB,D'7'
003B   1903           00104                         BTFSC   STATUS,Z
Message[305]: Using default destination of 1 (file).
003C   0AA3           00105                         INCF    CONTADOR
                      00106 
003D   0823           00107                         MOVF    CONTADOR,W
003E   0087           00108                         MOVWF   PORTC
                      00109 
003F   0063           00110                         SLEEP
                      00111 ;******************************************************************
                      00112 ;                       INICIO DE SUMA
                      00113 ;******************************************************************
0040   0821           00114 INICIOS:        MOVF    DATO1,W
0041   0722           00115                         ADDWF   DATO2,W
0042   0087           00116                         MOVWF   PORTC
0043   1386           00117                         BCF             PORTB,D'7'
0044   1803           00118                         BTFSC   STATUS,C
0045   1786           00119                         BSF             PORTB,D'7'
0046   1C06           00120                         BTFSS   PORTB,D'0'
0047   2???           00121                         GOTO    $-1
0048   2???           00122                         GOTO    INICIOD
                      00123 ;******************************************************************
                      00124 ;                       INICIO DE RESTA
                      00125 ;******************************************************************
0049   0822           00126 INICIOR:        MOVF    DATO2,W
004A   0221           00127                         SUBWF   DATO1,W
004B   1C03           00128                         BTFSS   STATUS,C
004C   2???           00129                         GOTO    NEGATIVO
004D   0087           00130                         MOVWF   PORTC
004E   1386           00131                         BCF             PORTB,D'7'
004F   2???           00132                         GOTO    FINR
0050   3C00           00133 NEGATIVO:       SUBLW   0x00
0051   0087           00134                         MOVWF   PORTC
0052   1786           00135                         BSF             PORTB,D'7'
MPASM  5.49                           DIV.ASM   4-7-2018  21:46:51         PAGE  4


LOC  OBJECT CODE     LINE SOURCE TEXT
  VALUE

                      00136                 
0053   1C06           00137 FINR:           BTFSS   PORTB,D'0'
0054   2???           00138                         GOTO    $-1
0055   2???           00139                         GOTO    INICIOD
                      00140 ;******************************************************************
                      00141 ;                       INICIO DE MULTIPLICACION
                      00142 ;******************************************************************
0056   01A4           00143 INICIOM:        CLRF    RESULTADOM
0057   1386           00144                         BCF             PORTB,D'7'
0058   0821           00145                         MOVF    DATO1,W
0059   1903           00146                         BTFSC   STATUS,Z
005A   2???           00147                         GOTO    RESULTM
005B   0822           00148                         MOVF    DATO2,W
005C   1903           00149                         BTFSC   STATUS,Z
005D   2???           00150                         GOTO    RESULTM
                      00151 
005E   0821           00152 SUMA1:          MOVF    DATO1,W
005F   07A4           00153                         ADDWF   RESULTADOM,F
0060   1803           00154                         BTFSC   STATUS,C
0061   1786           00155                         BSF             PORTB,D'7'
0062   0BA2           00156                         DECFSZ  DATO2,F
0063   2???           00157                         GOTO    SUMA1
                      00158                         
0064   0824           00159 RESULTM:        MOVF    RESULTADOM,W
0065   0087           00160                         MOVWF   PORTC                           
0066   1C06           00161                         BTFSS   PORTB,D'0'
0067   2???           00162                         GOTO    $-1
0068   2???           00163                         GOTO    INICIOD
                      00164 
2BE2 3FFF             00165                         END
MPASM  5.49                           DIV.ASM   4-7-2018  21:46:51         PAGE  5


SYMBOL TABLE
  LABEL                             VALUE 

ABDEN                             00000000
ABDOVF                            00000007
ACKDT                             00000005
ACKEN                             00000004
ACKSTAT                           00000006
ADCON0                            0000001F
ADCON1                            0000009F
ADCS0                             00000006
ADCS1                             00000007
ADDEN                             00000003
ADFM                              00000007
ADIE                              00000006
ADIF                              00000006
ADON                              00000000
ADRESH                            0000001E
ADRESL                            0000009E
ANS0                              00000000
ANS1                              00000001
ANS10                             00000002
ANS11                             00000003
ANS12                             00000004
ANS13                             00000005
ANS2                              00000002
ANS3                              00000003
ANS4                              00000004
ANS5                              00000005
ANS6                              00000006
ANS7                              00000007
ANS8                              00000000
ANS9                              00000001
ANSEL                             00000188
ANSELH                            00000189
BAUDCTL                           00000187
BCLIE                             00000003
BCLIF                             00000003
BF                                00000000
BRG0                              00000000
BRG1                              00000001
BRG10                             00000002
BRG11                             00000003
BRG12                             00000004
BRG13                             00000005
BRG14                             00000006
BRG15                             00000007
BRG16                             00000003
BRG2                              00000002
BRG3                              00000003
BRG4                              00000004
BRG5                              00000005
BRG6                              00000006
BRG7                              00000007
BRG8                              00000000
BRG9                              00000001
MPASM  5.49                           DIV.ASM   4-7-2018  21:46:51         PAGE  6


SYMBOL TABLE
  LABEL                             VALUE 

BRGH                              00000002
C                                 00000000
C1CH0                             00000000
C1CH1                             00000001
C1IE                              00000005
C1IF                              00000005
C1OE                              00000005
C1ON                              00000007
C1OUT                             00000006
C1POL                             00000004
C1R                               00000002
C1RSEL                            00000005
C1SEN                             00000005
C2CH0                             00000000
C2CH1                             00000001
C2IE                              00000006
C2IF                              00000006
C2OE                              00000005
C2ON                              00000007
C2OUT                             00000006
C2POL                             00000004
C2R                               00000002
C2REN                             00000004
C2RSEL                            00000004
C2SYNC                            00000000
CCP1CON                           00000017
CCP1IE                            00000002
CCP1IF                            00000002
CCP1M0                            00000000
CCP1M1                            00000001
CCP1M2                            00000002
CCP1M3                            00000003
CCP1X                             00000005
CCP1Y                             00000004
CCP2CON                           0000001D
CCP2IE                            00000000
CCP2IF                            00000000
CCP2M0                            00000000
CCP2M1                            00000001
CCP2M2                            00000002
CCP2M3                            00000003
CCP2X                             00000005
CCP2Y                             00000004
CCPR1                             00000015
CCPR1H                            00000016
CCPR1L                            00000015
CCPR2                             0000001B
CCPR2H                            0000001C
CCPR2L                            0000001B
CERO                              00000034
CHS0                              00000002
CHS1                              00000003
CHS2                              00000004
MPASM  5.49                           DIV.ASM   4-7-2018  21:46:51         PAGE  7


SYMBOL TABLE
  LABEL                             VALUE 

CHS3                              00000005
CKE                               00000006
CKP                               00000004
CM1CON0                           00000107
CM2CON0                           00000108
CM2CON1                           00000109
CONTADOR                          00000023
CREN                              00000004
CSRC                              00000007
D                                 00000005
DATA_ADDRESS                      00000005
DATO1                             00000021
DATO2                             00000022
DC                                00000001
DC1B0                             00000004
DC1B1                             00000005
DC2B0                             00000004
DC2B1                             00000005
D_A                               00000005
D_NOT_A                           00000005
ECCPAS                            0000009C
ECCPAS0                           00000004
ECCPAS1                           00000005
ECCPAS2                           00000006
ECCPASE                           00000007
EEADR                             0000010D
EEADRH                            0000010F
EECON1                            0000018C
EECON2                            0000018D
EEDAT                             0000010C
EEDATA                            0000010C
EEDATH                            0000010E
EEIE                              00000004
EEIF                              00000004
EEPGD                             00000007
F                                 00000001
FERR                              00000002
FINR                              00000053
FSR                               00000004
FVREN                             00000000
GCEN                              00000007
GIE                               00000007
GO                                00000001
GO_DONE                           00000001
GO_NOT_DONE                       00000001
HTS                               00000002
I2C_DATA                          00000005
I2C_READ                          00000002
I2C_START                         00000003
I2C_STOP                          00000004
INDETER                           00000030
INDF                              00000000
INICIOD                           00000021
MPASM  5.49                           DIV.ASM   4-7-2018  21:46:51         PAGE  8


SYMBOL TABLE
  LABEL                             VALUE 

INICIOM                           00000056
INICIOR                           00000049
INICIOS                           00000040
INTCON                            0000000B
INTE                              00000004
INTEDG                            00000006
INTF                              00000001
IOCB                              00000096
IOCB0                             00000000
IOCB1                             00000001
IOCB2                             00000002
IOCB3                             00000003
IOCB4                             00000004
IOCB5                             00000005
IOCB6                             00000006
IOCB7                             00000007
IRCF0                             00000004
IRCF1                             00000005
IRCF2                             00000006
IRP                               00000007
LTS                               00000001
MC1OUT                            00000007
MC2OUT                            00000006
MENU                              0000001A
MSK                               00000093
MSK0                              00000000
MSK1                              00000001
MSK2                              00000002
MSK3                              00000003
MSK4                              00000004
MSK5                              00000005
MSK6                              00000006
MSK7                              00000007
NEGATIVO                          00000050
NOT_A                             00000005
NOT_ADDRESS                       00000005
NOT_BO                            00000000
NOT_BOR                           00000000
NOT_DONE                          00000001
NOT_PD                            00000003
NOT_POR                           00000001
NOT_RBPU                          00000007
NOT_RC8                           00000006
NOT_T1SYNC                        00000002
NOT_TO                            00000004
NOT_TX8                           00000006
NOT_W                             00000002
NOT_WRITE                         00000002
OERR                              00000001
OPTION_REG                        00000081
OSCCON                            0000008F
OSCTUNE                           00000090
OSFIE                             00000007
MPASM  5.49                           DIV.ASM   4-7-2018  21:46:51         PAGE  9


SYMBOL TABLE
  LABEL                             VALUE 

OSFIF                             00000007
OSTS                              00000003
P                                 00000004
P1M0                              00000006
P1M1                              00000007
PCL                               00000002
PCLATH                            0000000A
PCON                              0000008E
PDC0                              00000000
PDC1                              00000001
PDC2                              00000002
PDC3                              00000003
PDC4                              00000004
PDC5                              00000005
PDC6                              00000006
PEIE                              00000006
PEN                               00000002
PIE1                              0000008C
PIE2                              0000008D
PIR1                              0000000C
PIR2                              0000000D
PORTA                             00000005
PORTB                             00000006
PORTC                             00000007
PORTD                             00000008
PORTE                             00000009
PR2                               00000092
PRSEN                             00000007
PS0                               00000000
PS1                               00000001
PS2                               00000002
PSA                               00000003
PSSAC0                            00000002
PSSAC1                            00000003
PSSBD0                            00000000
PSSBD1                            00000001
PSTRCON                           0000009D
PULSR                             00000002
PULSS                             00000003
PWM1CON                           0000009B
R                                 00000002
RA0                               00000000
RA1                               00000001
RA2                               00000002
RA3                               00000003
RA4                               00000004
RA5                               00000005
RA6                               00000006
RA7                               00000007
RB0                               00000000
RB1                               00000001
RB2                               00000002
RB3                               00000003
MPASM  5.49                           DIV.ASM   4-7-2018  21:46:51         PAGE 10


SYMBOL TABLE
  LABEL                             VALUE 

RB4                               00000004
RB5                               00000005
RB6                               00000006
RB7                               00000007
RBIE                              00000003
RBIF                              00000000
RC0                               00000000
RC1                               00000001
RC2                               00000002
RC3                               00000003
RC4                               00000004
RC5                               00000005
RC6                               00000006
RC7                               00000007
RC8_9                             00000006
RC9                               00000006
RCD8                              00000000
RCEN                              00000003
RCIDL                             00000006
RCIE                              00000005
RCIF                              00000005
RCREG                             0000001A
RCSTA                             00000018
RD                                00000000
RD0                               00000000
RD1                               00000001
RD2                               00000002
RD3                               00000003
RD4                               00000004
RD5                               00000005
RD6                               00000006
RD7                               00000007
RE0                               00000000
RE1                               00000001
RE2                               00000002
RE3                               00000003
READ_WRITE                        00000002
RESTA                             00000028
RESULTADO                         00000038
RESULTADOM                        00000024
RESULTM                           00000064
RP0                               00000005
RP1                               00000006
RSEN                              00000001
RX9                               00000006
RX9D                              00000000
R_NOT_W                           00000002
R_W                               00000002
S                                 00000003
SBOREN                            00000004
SCKP                              00000004
SCS                               00000000
SEN                               00000000
MPASM  5.49                           DIV.ASM   4-7-2018  21:46:51         PAGE 11


SYMBOL TABLE
  LABEL                             VALUE 

SENDB                             00000003
SMP                               00000007
SPBRG                             00000099
SPBRGH                            0000009A
SPEN                              00000007
SR0                               00000006
SR1                               00000007
SRCON                             00000185
SREN                              00000005
SSPADD                            00000093
SSPBUF                            00000013
SSPCON                            00000014
SSPCON2                           00000091
SSPEN                             00000005
SSPIE                             00000003
SSPIF                             00000003
SSPM0                             00000000
SSPM1                             00000001
SSPM2                             00000002
SSPM3                             00000003
SSPMSK                            00000093
SSPOV                             00000006
SSPSTAT                           00000094
STATUS                            00000003
STRA                              00000000
STRB                              00000001
STRC                              00000002
STRD                              00000003
STRSYNC                           00000004
SUMA1                             0000005E
SWDTEN                            00000000
SYNC                              00000004
T0CS                              00000005
T0IE                              00000005
T0IF                              00000002
T0SE                              00000004
T1CKPS0                           00000004
T1CKPS1                           00000005
T1CON                             00000010
T1GINV                            00000007
T1GIV                             00000007
T1GSS                             00000001
T1INSYNC                          00000002
T1OSCEN                           00000003
T1SYNC                            00000002
T2CKPS0                           00000000
T2CKPS1                           00000001
T2CON                             00000012
TMR0                              00000001
TMR0IE                            00000005
TMR0IF                            00000002
TMR1                              0000000E
TMR1CS                            00000001
MPASM  5.49                           DIV.ASM   4-7-2018  21:46:51         PAGE 12


SYMBOL TABLE
  LABEL                             VALUE 

TMR1GE                            00000006
TMR1H                             0000000F
TMR1IE                            00000000
TMR1IF                            00000000
TMR1L                             0000000E
TMR1ON                            00000000
TMR2                              00000011
TMR2IE                            00000001
TMR2IF                            00000001
TMR2ON                            00000002
TOUTPS0                           00000003
TOUTPS1                           00000004
TOUTPS2                           00000005
TOUTPS3                           00000006
TRISA                             00000085
TRISA0                            00000000
TRISA1                            00000001
TRISA2                            00000002
TRISA3                            00000003
TRISA4                            00000004
TRISA5                            00000005
TRISA6                            00000006
TRISA7                            00000007
TRISB                             00000086
TRISB0                            00000000
TRISB1                            00000001
TRISB2                            00000002
TRISB3                            00000003
TRISB4                            00000004
TRISB5                            00000005
TRISB6                            00000006
TRISB7                            00000007
TRISC                             00000087
TRISC0                            00000000
TRISC1                            00000001
TRISC2                            00000002
TRISC3                            00000003
TRISC4                            00000004
TRISC5                            00000005
TRISC6                            00000006
TRISC7                            00000007
TRISD                             00000088
TRISD0                            00000000
TRISD1                            00000001
TRISD2                            00000002
TRISD3                            00000003
TRISD4                            00000004
TRISD5                            00000005
TRISD6                            00000006
TRISD7                            00000007
TRISE                             00000089
TRISE0                            00000000
TRISE1                            00000001
MPASM  5.49                           DIV.ASM   4-7-2018  21:46:51         PAGE 13


SYMBOL TABLE
  LABEL                             VALUE 

TRISE2                            00000002
TRISE3                            00000003
TRMT                              00000001
TUN0                              00000000
TUN1                              00000001
TUN2                              00000002
TUN3                              00000003
TUN4                              00000004
TX8_9                             00000006
TX9                               00000006
TX9D                              00000000
TXD8                              00000000
TXEN                              00000005
TXIE                              00000004
TXIF                              00000004
TXREG                             00000019
TXSTA                             00000098
UA                                00000001
ULPWUE                            00000005
ULPWUIE                           00000002
ULPWUIF                           00000002
VCFG0                             00000004
VCFG1                             00000005
VR0                               00000000
VR1                               00000001
VR2                               00000002
VR3                               00000003
VRCON                             00000097
VREN                              00000007
VROE                              00000006
VRR                               00000005
VRSS                              00000004
W                                 00000000
WCOL                              00000007
WDTCON                            00000105
WDTPS0                            00000001
WDTPS1                            00000002
WDTPS2                            00000003
WDTPS3                            00000004
WPUB                              00000095
WPUB0                             00000000
WPUB1                             00000001
WPUB2                             00000002
WPUB3                             00000003
WPUB4                             00000004
WPUB5                             00000005
WPUB6                             00000006
WPUB7                             00000007
WR                                00000001
WREN                              00000002
WRERR                             00000003
WUE                               00000001
Z                                 00000002
MPASM  5.49                           DIV.ASM   4-7-2018  21:46:51         PAGE 14


SYMBOL TABLE
  LABEL                             VALUE 

_.org_0_000D                      0000000D
_.org_0_0012                      00000012
_.org_0_0017                      00000017
_.org_0_0047                      00000047
_.org_0_0054                      00000054
_.org_0_0067                      00000067
_BOR21V                           00003EFF
_BOR40V                           00003FFF
_BOR4V_BOR21V                     00003EFF
_BOR4V_BOR40V                     00003FFF
_BOREN_NSLEEP                     00003EFF
_BOREN_OFF                        00003CFF
_BOREN_ON                         00003FFF
_BOREN_SBODEN                     00003DFF
_BOR_NSLEEP                       00003EFF
_BOR_OFF                          00003CFF
_BOR_ON                           00003FFF
_BOR_SBODEN                       00003DFF
_CONFIG1                          00002007
_CONFIG2                          00002008
_CPD_OFF                          00003FFF
_CPD_ON                           00003F7F
_CP_OFF                           00003FFF
_CP_ON                            00003FBF
_DEBUG_OFF                        00003FFF
_DEBUG_ON                         00001FFF
_DEVID1                           00002006
_EC_OSC                           00003FFB
_EXTRC                            00003FFF
_EXTRCIO                          00003FFE
_EXTRC_OSC_CLKOUT                 00003FFF
_EXTRC_OSC_NOCLKOUT               00003FFE
_FCMEN_OFF                        000037FF
_FCMEN_ON                         00003FFF
_FOSC_EC                          00003FFB
_FOSC_EXTRC_CLKOUT                00003FFF
_FOSC_EXTRC_NOCLKOUT              00003FFE
_FOSC_HS                          00003FFA
_FOSC_INTRC_CLKOUT                00003FFD
_FOSC_INTRC_NOCLKOUT              00003FFC
_FOSC_LP                          00003FF8
_FOSC_XT                          00003FF9
_HS_OSC                           00003FFA
_IDLOC0                           00002000
_IDLOC1                           00002001
_IDLOC2                           00002002
_IDLOC3                           00002003
_IESO_OFF                         00003BFF
_IESO_ON                          00003FFF
_INTOSC                           00003FFD
_INTOSCIO                         00003FFC
_INTRC_OSC_CLKOUT                 00003FFD
_INTRC_OSC_NOCLKOUT               00003FFC
MPASM  5.49                           DIV.ASM   4-7-2018  21:46:51         PAGE 15


SYMBOL TABLE
  LABEL                             VALUE 

_LP_OSC                           00003FF8
_LVP_OFF                          00002FFF
_LVP_ON                           00003FFF
_MCLRE_OFF                        00003FDF
_MCLRE_ON                         00003FFF
_PWRTE_OFF                        00003FFF
_PWRTE_ON                         00003FEF
_WDTE_OFF                         00003FF7
_WDTE_ON                          00003FFF
_WDT_OFF                          00003FF7
_WDT_ON                           00003FFF
_WRT_1FOURTH                      00003BFF
_WRT_256                          00003DFF
_WRT_HALF                         000039FF
_WRT_OFF                          00003FFF
_XT_OSC                           00003FF9
__16F887                          00000001
__DEBUG                           1

Errors   :     0
Warnings :     4 reported,     0 suppressed
Messages :     6 reported,     0 suppressed

