MPASM  5.49                         PRAC2.ASM   4-13-2018  20:29:21         PAGE  1


LOC  OBJECT CODE     LINE SOURCE TEXT
  VALUE

                      00001 ;************************************************************
                      00002 ;*                              INSTITUTO POLITECNICO NACIONAL                          *
                      00003 ;*                      Unidad Profesional Interdisciplinara De                 *
                      00004 ;*                        Ingenieria Y Tecnologías Avanzadas                    *
                      00005 ;*                                                                                                      
                                            *
                      00006 ;*                                                                                                      
                                            *
                      00007 ;*                      Programacion De Sistemas En Tiempo Real                 *
                      00008 ;*                                                                                                      
                                            *
                      00009 ;*              Fecha: 13 de abril del 2018                                                     *       
                      00010 ;*                                                                                                      
                                            *
                      00011 ;*              Ramírez López Jesús Alberto                                                     *
                      00012 ;*              Zoza Tejeda Nicole Denisse                                                      *
                      00013 ;*              Becerril Ortega Saul                                                            *
                      00014 ;*                                                                                                      
                                            *
                      00015 ;*              PROGRAMA:OPERACIONES DE DOS PUERTOS Y CONTROL DE        *
                      00016 ;*                                              POSICION DE UN SERVO                            *
                      00017 ;*              PARA: MICROCONTROLADOR PIC16F887                                        *
                      00018 ;*              ENSAMBLADO EN: MPLAB For Windows                                        *
                      00019 ;************************************************************
                      00020                         PROCESSOR 16F887
                      00021                         INCLUDE <P16F887.inc>
                      00001         LIST
                      00002 
                      00003 ;==========================================================================
                      00004 ;  MPASM PIC16F887 processor include
                      00005 ; 
                      00006 ;  (c) Copyright 1999-2013 Microchip Technology, All rights reserved
                      00007 ;==========================================================================
                      00008 
                      00809         LIST
2007   2BE2           00022                         __CONFIG 0X2007,0X2BE2
2008   3FFF           00023                         __CONFIG 0X2008,0X3FFF
                      00024 
                      00025 ;******************************************************************
                      00026 ;                       CONFIGURACION DE PUERTOS
                      00027 ;PORTA->NUMERADOR               PORTB->DENOMINADOR              
                      00028 ;PORTC->SALIDA1                 PORTD->SALIDA2
                      00029 ;******************************************************************
                      00030                         ORG     0X00
0000   0185           00031                         CLRF    PORTA
0001   0186           00032                         CLRF    PORTB
0002   0187           00033                         CLRF    PORTC           
0003   0188           00034                         CLRF    PORTD   
0004   1683           00035                         BSF             STATUS,RP0      ;BANCO1
Message[302]: Register in operand not in bank 0.  Ensure that bank bits are correct.
0005   0187           00036                         CLRF    TRISC
Message[302]: Register in operand not in bank 0.  Ensure that bank bits are correct.
0006   1206           00037                         BCF             TRISB,.4        ;SALIDA PARA SERVO
MPASM  5.49                         PRAC2.ASM   4-13-2018  20:29:21         PAGE  2


LOC  OBJECT CODE     LINE SOURCE TEXT
  VALUE

Message[302]: Register in operand not in bank 0.  Ensure that bank bits are correct.
0007   1386           00038                         BCF             TRISB,.7        ;SALIDA ACARREO
0008   1703           00039                         BSF             STATUS,RP1      ;BANCO3
Message[302]: Register in operand not in bank 0.  Ensure that bank bits are correct.
0009   0188           00040                         CLRF    ANSEL
Message[302]: Register in operand not in bank 0.  Ensure that bank bits are correct.
000A   0189           00041                         CLRF    ANSELH  
000B   1303           00042                         BCF             STATUS,RP1
000C   1283           00043                         BCF             STATUS,RP0      ;BANCO0
                      00044 
                      00045 ;******************CODIGO PRINCIPAL*********************************
000D   0806           00046                         MOVF    PORTB,W
000E   390F           00047                         ANDLW   0X0F
000F   1903           00048                         BTFSC   STATUS,Z
0010   2???           00049                         GOTO    $-3
0011   2???           00050                         CALL    REBOTE
0012   1886           00051                         BTFSC   PORTB,.1
0013   2???           00052                         GOTO    ANGULO45
0014   1906           00053                         BTFSC   PORTB,.2
0015   2???           00054                         GOTO    ANGULO90
0016   1986           00055                         BTFSC   PORTB,.3
0017   2???           00056                         GOTO    ANGULO135
                      00057                         ;GUARDAR DATOS (el presionado fue el portb.0) 
0018   1806           00058                         BTFSC   PORTB,.0
0019   2???           00059                         GOTO    $-1
001A   2???           00060                         CALL    REBOTE
001B   0808           00061                         MOVF    PORTD,W
001C   00A1           00062                         MOVWF   0X21
001D   2???           00063                         CALL    BOTONRB0
001E   0808           00064                         MOVF    PORTD,W
001F   00A2           00065                         MOVWF   0X22
                      00066                         ;OPERACIONES
0020   2???           00067                         CALL    BOTONRB0
0021   2???           00068                         CALL    LUCES
0022   2???           00069                         CALL    SUMA
0023   2???           00070                         CALL    BOTONRB0
0024   2???           00071                         CALL    LUCES
0025   2???           00072                         CALL    RESTA
0026   2???           00073                         CALL    BOTONRB0
0027   2???           00074                         CALL    LUCES
0028   2???           00075                         CALL    MULTIPLIC
0029   2???           00076                         CALL    BOTONRB0
002A   2???           00077                         CALL    LUCES
002B   2???           00078                         CALL    DIVISION
                      00079                         ;SUBRUTINA DE 3 VARIABLES
002C   2???           00080                         CALL    BOTONRB0
002D   0808           00081                         MOVF    PORTD,W
002E   00E4           00082                         MOVWF   0X64
002F   2???           00083                         CALL    BOTONRB0
0030   0808           00084                         MOVF    PORTD,W
0031   00E5           00085                         MOVWF   0X65
0032   2???           00086                         CALL    BOTONRB0
0033   0808           00087                         MOVF    PORTD,W
MPASM  5.49                         PRAC2.ASM   4-13-2018  20:29:21         PAGE  3


LOC  OBJECT CODE     LINE SOURCE TEXT
  VALUE

0034   00E6           00088                         MOVWF   0X66
0035   2???           00089                         CALL    ST3V
                      00090                                 
                      00091 ;***************SUBRUTINAS*************************                     
                      00092 ;***************OPERACIONES*************************
0036   0821           00093 SUMA:           MOVF    0X21,W
0037   0722           00094                         ADDWF   0X22,W
0038   00A3           00095                         MOVWF   0X23
0039   1803           00096                         BTFSC   STATUS,C
003A   2???           00097                         CALL    PARPADEO
003B   0823           00098                         MOVF    0X23,W
003C   0087           00099                         MOVWF   PORTC
003D   0008           00100                         RETURN
                      00101                 
003E   0822           00102 RESTA:          MOVF    0x22,W
003F   0221           00103                         SUBWF   0x21,W
0040   00A4           00104                         MOVWF   0X24
0041   1C03           00105                         BTFSS   STATUS,C
0042   2???           00106                         CALL    PARPADEO
0043   0824           00107                         MOVF    0X24,W
0044   1B86           00108                         BTFSC   PORTB,.7
0045   3C00           00109                         SUBLW   0X00
0046   0087           00110                         MOVWF   PORTC
0047   0008           00111                         RETURN
                      00112                         
0048   0187           00113 MULTIPLIC:      CLRF    PORTC
0049   01A5           00114                         CLRF    0X25            ;RESULTADO DE MULTIPLICACION
004A   01A9           00115                         CLRF    0X29            ;VERIFICAR ACARREO
004B   0821           00116                         MOVF    0X21,W
004C   1903           00117                         BTFSC   STATUS,Z
004D   0008           00118                         RETURN
004E   0822           00119                         MOVF    0X22,W
004F   1903           00120                         BTFSC   STATUS,Z
0050   0008           00121                         RETURN
                      00122 
0051   0821           00123                         MOVF    0X21,W
0052   07A5           00124                         ADDWF   0X25,F
0053   1803           00125                         BTFSC   STATUS,C
0054   1429           00126                         BSF             0X29,.0 
0055   0BA2           00127                         DECFSZ  0X22,F
0056   2???           00128                         GOTO    $-5
                      00129                         
0057   1829           00130                         BTFSC   0X29,.0
0058   2???           00131                         CALL    PARPADEO                        
0059   0825           00132                         MOVF    0X25,W
005A   0087           00133                         MOVWF   PORTC                           
005B   0008           00134                         RETURN
                      00135 
005C   0187           00136 DIVISION:       CLRF    PORTC
005D   01A9           00137                         CLRF    0X29            ;CONTADOR
005E   08A2           00138                         MOVF    0X22,F
005F   1903           00139                         BTFSC   STATUS,Z
0060   2???           00140                         CALL    PARPADEO
MPASM  5.49                         PRAC2.ASM   4-13-2018  20:29:21         PAGE  4


LOC  OBJECT CODE     LINE SOURCE TEXT
  VALUE

0061   1F86           00141                         BTFSS   PORTB,.7
0062   2???           00142                         GOTO    $+4
0063   30FF           00143                         MOVLW   0XFF
0064   0087           00144                         MOVWF   PORTC
0065   0008           00145                         RETURN
                      00146 
0066   08A1           00147                         MOVF    0X21,F
0067   1903           00148                         BTFSC   STATUS,Z
0068   0008           00149                         RETURN
                      00150 
0069   0822           00151                         MOVF    0X22,W          
006A   02A1           00152                         SUBWF   0X21,F
006B   1C03           00153                         BTFSS   STATUS,C
006C   2???           00154                         GOTO    $+6
Message[305]: Using default destination of 1 (file).
006D   0AA3           00155                         INCF    0X23
Message[305]: Using default destination of 1 (file).
006E   08A1           00156                         MOVF    0X21
006F   1903           00157                         BTFSC   STATUS,Z
0070   2???           00158                         GOTO    $-7
                      00159 
0071   2???           00160                         GOTO    $+3
0072   1903           00161                         BTFSC   STATUS,Z
0073   1786           00162                         BSF             PORTB,.7
0074   0823           00163                         MOVF    0X23,W
0075   0087           00164                         MOVWF   PORTC
0076   0008           00165                         RETURN                  
                      00166 
                      00167                 
                      00168 ;************************POSICIONES DE SERVO*****************
0077   1886           00169 ANGULO45:       BTFSC   PORTB,.1
0078   2???           00170                         GOTO    $-1     
0079   2???           00171                         CALL    REBOTE
007A   1606           00172                         BSF             PORTB,.4
007B   2???           00173                         CALL    TIEMPOA_45
007C   1206           00174                         BCF             PORTB,.4
007D   2???           00175                         CALL    TIEMPOB_45
007E   2???           00176                         GOTO    $-4
                      00177 
007F   1906           00178 ANGULO90:       BTFSC   PORTB,.2
0080   2???           00179                         GOTO    $-1     
0081   2???           00180                         CALL    REBOTE
0082   1606           00181                         BSF             PORTB,.4
0083   2???           00182                         CALL    TIEMPOA_90
0084   1206           00183                         BCF             PORTB,.4
0085   2???           00184                         CALL    TIEMPOB_90
0086   2???           00185                         GOTO    $-4
                      00186 
0087   1986           00187 ANGULO135:      BTFSC   PORTB,.3
0088   2???           00188                         GOTO    $-1     
0089   2???           00189                         CALL    REBOTE
008A   1606           00190                         BSF             PORTB,.4
008B   2???           00191                         CALL    TIEMPOA_135
MPASM  5.49                         PRAC2.ASM   4-13-2018  20:29:21         PAGE  5


LOC  OBJECT CODE     LINE SOURCE TEXT
  VALUE

008C   1206           00192                         BCF             PORTB,.4
008D   2???           00193                         CALL    TIEMPOB_135
008E   2???           00194                         GOTO    $-4
                      00195 
                      00196 ;*************SUBRUTINAS DE TIEMPO (PARA REBOTE Y SERVO)************
008F   30B0           00197 REBOTE:         MOVLW           .176
0090   00E1           00198                         MOVWF           0X61
0091   3017           00199                         MOVLW           .23
0092   00E2           00200                         MOVWF           0X62
0093   2???           00201                         CALL            ST2V
0094   0008           00202                         RETURN
0095                  00203 TIEMPOB_45:
0095   0008           00204                         RETURN
0096                  00205 TIEMPOA_45:     
0096   0008           00206                         RETURN
0097                  00207 TIEMPOB_90:
0097   0008           00208                         RETURN
0098                  00209 TIEMPOA_90:     
0098   0008           00210                         RETURN
0099                  00211 TIEMPOB_135:
0099   0008           00212                         RETURN
009A                  00213 TIEMPOA_135:    
009A   0008           00214                         RETURN
                      00215 ;*********************SUBRUTINAS PUERTOC***************************
009B                  00216 LUCES:          
009B   0008           00217                         RETURN
009C                  00218 PARPADEO:               
009C   1786           00219                         BSF             PORTB,.7
009D   0008           00220                         RETURN
                      00221 ;+++++++++++++++++EL BOTON RB0 SE OPRIMIO++++++++++++++++++++++++++
009E   1C06           00222 BOTONRB0:       BTFSS   PORTB,.0
009F   2???           00223                         GOTO    $-1
00A0   2???           00224                         CALL    REBOTE
00A1   1806           00225                         BTFSC   PORTB,.0
00A2   2???           00226                         GOTO    $-1
00A3   2???           00227                         CALL    REBOTE
00A4   1386           00228                         BCF             PORTB,.7
00A5   0008           00229                         RETURN
                      00230 ;------------------------------------------------------------------
                      00231                         INCLUDE     <C:\Users\Jesus\Documents\tareas\microcontroladores\lib\SUBS_TIEMPO.
                            ASM>
00A6   0000           00001 ST1V:                   NOP
00A7   0000           00002                 NOP
00A8   0000           00003                 NOP
00A9   0BE0           00004                 DECFSZ      0X60,F
00AA   2???           00005                 GOTO        ST1V
00AB   0008           00006                 RETURN
                      00007 ;+++++++++++++++++++++++++++++++++++++++
00AC   0862           00008 ST2V:                   MOVF            0X62,W
00AD   00E3           00009                                 MOVWF           0X63
00AE   0000           00010 DECRE2V                 NOP
00AF   0000           00011                 NOP
00B0   0000           00012                 NOP
MPASM  5.49                         PRAC2.ASM   4-13-2018  20:29:21         PAGE  6


LOC  OBJECT CODE     LINE SOURCE TEXT
  VALUE

00B1   0BE3           00013                 DECFSZ      0X63,F
00B2   2???           00014                 GOTO        DECRE2V
00B3   0BE1           00015                                 DECFSZ          0X61,F
00B4   2???           00016                                 GOTO            ST2V
00B5   0008           00017                 RETURN
                      00018 ;++++++++++++++++++++++++++++++++++++++++
00B6   0866           00019 ST3V:                   MOVF            0X66,W
00B7   00E7           00020                                 MOVWF           0X67
00B8   0865           00021 RECARGA3V:              MOVF            0X65,W
00B9   00E8           00022                                 MOVWF           0X68
00BA   0000           00023 DECRE3V:                NOP
00BB   0000           00024                 NOP
00BC   0000           00025                 NOP
00BD   0BE8           00026                 DECFSZ      0X68,F
00BE   2???           00027                 GOTO        DECRE3V
00BF   0BE7           00028                                 DECFSZ          0X67,F
00C0   2???           00029                                 GOTO            RECARGA3V
00C1   0BE4           00030                                 DECFSZ          0X64,F
00C2   2???           00031                                 GOTO            ST3V
00C3   0008           00032                 RETURN
                      00033 ;++++++++++++++++++++++++++++++++++++++++++++                
                      00034             
2BE2 3FFF             00232                         END
MPASM  5.49                         PRAC2.ASM   4-13-2018  20:29:21         PAGE  7


SYMBOL TABLE
  LABEL                             VALUE 

ABDEN                             00000000
ABDOVF                            00000007
ACKDT                             00000005
ACKEN                             00000004
ACKSTAT                           00000006
ADCON0                            0000001F
ADCON1                            0000009F
ADCS0                             00000006
ADCS1                             00000007
ADDEN                             00000003
ADFM                              00000007
ADIE                              00000006
ADIF                              00000006
ADON                              00000000
ADRESH                            0000001E
ADRESL                            0000009E
ANGULO135                         00000087
ANGULO45                          00000077
ANGULO90                          0000007F
ANS0                              00000000
ANS1                              00000001
ANS10                             00000002
ANS11                             00000003
ANS12                             00000004
ANS13                             00000005
ANS2                              00000002
ANS3                              00000003
ANS4                              00000004
ANS5                              00000005
ANS6                              00000006
ANS7                              00000007
ANS8                              00000000
ANS9                              00000001
ANSEL                             00000188
ANSELH                            00000189
BAUDCTL                           00000187
BCLIE                             00000003
BCLIF                             00000003
BF                                00000000
BOTONRB0                          0000009E
BRG0                              00000000
BRG1                              00000001
BRG10                             00000002
BRG11                             00000003
BRG12                             00000004
BRG13                             00000005
BRG14                             00000006
BRG15                             00000007
BRG16                             00000003
BRG2                              00000002
BRG3                              00000003
BRG4                              00000004
BRG5                              00000005
MPASM  5.49                         PRAC2.ASM   4-13-2018  20:29:21         PAGE  8


SYMBOL TABLE
  LABEL                             VALUE 

BRG6                              00000006
BRG7                              00000007
BRG8                              00000000
BRG9                              00000001
BRGH                              00000002
C                                 00000000
C1CH0                             00000000
C1CH1                             00000001
C1IE                              00000005
C1IF                              00000005
C1OE                              00000005
C1ON                              00000007
C1OUT                             00000006
C1POL                             00000004
C1R                               00000002
C1RSEL                            00000005
C1SEN                             00000005
C2CH0                             00000000
C2CH1                             00000001
C2IE                              00000006
C2IF                              00000006
C2OE                              00000005
C2ON                              00000007
C2OUT                             00000006
C2POL                             00000004
C2R                               00000002
C2REN                             00000004
C2RSEL                            00000004
C2SYNC                            00000000
CCP1CON                           00000017
CCP1IE                            00000002
CCP1IF                            00000002
CCP1M0                            00000000
CCP1M1                            00000001
CCP1M2                            00000002
CCP1M3                            00000003
CCP1X                             00000005
CCP1Y                             00000004
CCP2CON                           0000001D
CCP2IE                            00000000
CCP2IF                            00000000
CCP2M0                            00000000
CCP2M1                            00000001
CCP2M2                            00000002
CCP2M3                            00000003
CCP2X                             00000005
CCP2Y                             00000004
CCPR1                             00000015
CCPR1H                            00000016
CCPR1L                            00000015
CCPR2                             0000001B
CCPR2H                            0000001C
CCPR2L                            0000001B
MPASM  5.49                         PRAC2.ASM   4-13-2018  20:29:21         PAGE  9


SYMBOL TABLE
  LABEL                             VALUE 

CHS0                              00000002
CHS1                              00000003
CHS2                              00000004
CHS3                              00000005
CKE                               00000006
CKP                               00000004
CM1CON0                           00000107
CM2CON0                           00000108
CM2CON1                           00000109
CREN                              00000004
CSRC                              00000007
D                                 00000005
DATA_ADDRESS                      00000005
DC                                00000001
DC1B0                             00000004
DC1B1                             00000005
DC2B0                             00000004
DC2B1                             00000005
DECRE2V                           000000AE
DECRE3V                           000000BA
DIVISION                          0000005C
D_A                               00000005
D_NOT_A                           00000005
ECCPAS                            0000009C
ECCPAS0                           00000004
ECCPAS1                           00000005
ECCPAS2                           00000006
ECCPASE                           00000007
EEADR                             0000010D
EEADRH                            0000010F
EECON1                            0000018C
EECON2                            0000018D
EEDAT                             0000010C
EEDATA                            0000010C
EEDATH                            0000010E
EEIE                              00000004
EEIF                              00000004
EEPGD                             00000007
F                                 00000001
FERR                              00000002
FSR                               00000004
FVREN                             00000000
GCEN                              00000007
GIE                               00000007
GO                                00000001
GO_DONE                           00000001
GO_NOT_DONE                       00000001
HTS                               00000002
I2C_DATA                          00000005
I2C_READ                          00000002
I2C_START                         00000003
I2C_STOP                          00000004
INDF                              00000000
MPASM  5.49                         PRAC2.ASM   4-13-2018  20:29:21         PAGE 10


SYMBOL TABLE
  LABEL                             VALUE 

INTCON                            0000000B
INTE                              00000004
INTEDG                            00000006
INTF                              00000001
IOCB                              00000096
IOCB0                             00000000
IOCB1                             00000001
IOCB2                             00000002
IOCB3                             00000003
IOCB4                             00000004
IOCB5                             00000005
IOCB6                             00000006
IOCB7                             00000007
IRCF0                             00000004
IRCF1                             00000005
IRCF2                             00000006
IRP                               00000007
LTS                               00000001
LUCES                             0000009B
MC1OUT                            00000007
MC2OUT                            00000006
MSK                               00000093
MSK0                              00000000
MSK1                              00000001
MSK2                              00000002
MSK3                              00000003
MSK4                              00000004
MSK5                              00000005
MSK6                              00000006
MSK7                              00000007
MULTIPLIC                         00000048
NOT_A                             00000005
NOT_ADDRESS                       00000005
NOT_BO                            00000000
NOT_BOR                           00000000
NOT_DONE                          00000001
NOT_PD                            00000003
NOT_POR                           00000001
NOT_RBPU                          00000007
NOT_RC8                           00000006
NOT_T1SYNC                        00000002
NOT_TO                            00000004
NOT_TX8                           00000006
NOT_W                             00000002
NOT_WRITE                         00000002
OERR                              00000001
OPTION_REG                        00000081
OSCCON                            0000008F
OSCTUNE                           00000090
OSFIE                             00000007
OSFIF                             00000007
OSTS                              00000003
P                                 00000004
MPASM  5.49                         PRAC2.ASM   4-13-2018  20:29:21         PAGE 11


SYMBOL TABLE
  LABEL                             VALUE 

P1M0                              00000006
P1M1                              00000007
PARPADEO                          0000009C
PCL                               00000002
PCLATH                            0000000A
PCON                              0000008E
PDC0                              00000000
PDC1                              00000001
PDC2                              00000002
PDC3                              00000003
PDC4                              00000004
PDC5                              00000005
PDC6                              00000006
PEIE                              00000006
PEN                               00000002
PIE1                              0000008C
PIE2                              0000008D
PIR1                              0000000C
PIR2                              0000000D
PORTA                             00000005
PORTB                             00000006
PORTC                             00000007
PORTD                             00000008
PORTE                             00000009
PR2                               00000092
PRSEN                             00000007
PS0                               00000000
PS1                               00000001
PS2                               00000002
PSA                               00000003
PSSAC0                            00000002
PSSAC1                            00000003
PSSBD0                            00000000
PSSBD1                            00000001
PSTRCON                           0000009D
PULSR                             00000002
PULSS                             00000003
PWM1CON                           0000009B
R                                 00000002
RA0                               00000000
RA1                               00000001
RA2                               00000002
RA3                               00000003
RA4                               00000004
RA5                               00000005
RA6                               00000006
RA7                               00000007
RB0                               00000000
RB1                               00000001
RB2                               00000002
RB3                               00000003
RB4                               00000004
RB5                               00000005
MPASM  5.49                         PRAC2.ASM   4-13-2018  20:29:21         PAGE 12


SYMBOL TABLE
  LABEL                             VALUE 

RB6                               00000006
RB7                               00000007
RBIE                              00000003
RBIF                              00000000
RC0                               00000000
RC1                               00000001
RC2                               00000002
RC3                               00000003
RC4                               00000004
RC5                               00000005
RC6                               00000006
RC7                               00000007
RC8_9                             00000006
RC9                               00000006
RCD8                              00000000
RCEN                              00000003
RCIDL                             00000006
RCIE                              00000005
RCIF                              00000005
RCREG                             0000001A
RCSTA                             00000018
RD                                00000000
RD0                               00000000
RD1                               00000001
RD2                               00000002
RD3                               00000003
RD4                               00000004
RD5                               00000005
RD6                               00000006
RD7                               00000007
RE0                               00000000
RE1                               00000001
RE2                               00000002
RE3                               00000003
READ_WRITE                        00000002
REBOTE                            0000008F
RECARGA3V                         000000B8
RESTA                             0000003E
RP0                               00000005
RP1                               00000006
RSEN                              00000001
RX9                               00000006
RX9D                              00000000
R_NOT_W                           00000002
R_W                               00000002
S                                 00000003
SBOREN                            00000004
SCKP                              00000004
SCS                               00000000
SEN                               00000000
SENDB                             00000003
SMP                               00000007
SPBRG                             00000099
MPASM  5.49                         PRAC2.ASM   4-13-2018  20:29:21         PAGE 13


SYMBOL TABLE
  LABEL                             VALUE 

SPBRGH                            0000009A
SPEN                              00000007
SR0                               00000006
SR1                               00000007
SRCON                             00000185
SREN                              00000005
SSPADD                            00000093
SSPBUF                            00000013
SSPCON                            00000014
SSPCON2                           00000091
SSPEN                             00000005
SSPIE                             00000003
SSPIF                             00000003
SSPM0                             00000000
SSPM1                             00000001
SSPM2                             00000002
SSPM3                             00000003
SSPMSK                            00000093
SSPOV                             00000006
SSPSTAT                           00000094
ST1V                              000000A6
ST2V                              000000AC
ST3V                              000000B6
STATUS                            00000003
STRA                              00000000
STRB                              00000001
STRC                              00000002
STRD                              00000003
STRSYNC                           00000004
SUMA                              00000036
SWDTEN                            00000000
SYNC                              00000004
T0CS                              00000005
T0IE                              00000005
T0IF                              00000002
T0SE                              00000004
T1CKPS0                           00000004
T1CKPS1                           00000005
T1CON                             00000010
T1GINV                            00000007
T1GIV                             00000007
T1GSS                             00000001
T1INSYNC                          00000002
T1OSCEN                           00000003
T1SYNC                            00000002
T2CKPS0                           00000000
T2CKPS1                           00000001
T2CON                             00000012
TIEMPOA_135                       0000009A
TIEMPOA_45                        00000096
TIEMPOA_90                        00000098
TIEMPOB_135                       00000099
TIEMPOB_45                        00000095
MPASM  5.49                         PRAC2.ASM   4-13-2018  20:29:21         PAGE 14


SYMBOL TABLE
  LABEL                             VALUE 

TIEMPOB_90                        00000097
TMR0                              00000001
TMR0IE                            00000005
TMR0IF                            00000002
TMR1                              0000000E
TMR1CS                            00000001
TMR1GE                            00000006
TMR1H                             0000000F
TMR1IE                            00000000
TMR1IF                            00000000
TMR1L                             0000000E
TMR1ON                            00000000
TMR2                              00000011
TMR2IE                            00000001
TMR2IF                            00000001
TMR2ON                            00000002
TOUTPS0                           00000003
TOUTPS1                           00000004
TOUTPS2                           00000005
TOUTPS3                           00000006
TRISA                             00000085
TRISA0                            00000000
TRISA1                            00000001
TRISA2                            00000002
TRISA3                            00000003
TRISA4                            00000004
TRISA5                            00000005
TRISA6                            00000006
TRISA7                            00000007
TRISB                             00000086
TRISB0                            00000000
TRISB1                            00000001
TRISB2                            00000002
TRISB3                            00000003
TRISB4                            00000004
TRISB5                            00000005
TRISB6                            00000006
TRISB7                            00000007
TRISC                             00000087
TRISC0                            00000000
TRISC1                            00000001
TRISC2                            00000002
TRISC3                            00000003
TRISC4                            00000004
TRISC5                            00000005
TRISC6                            00000006
TRISC7                            00000007
TRISD                             00000088
TRISD0                            00000000
TRISD1                            00000001
TRISD2                            00000002
TRISD3                            00000003
TRISD4                            00000004
MPASM  5.49                         PRAC2.ASM   4-13-2018  20:29:21         PAGE 15


SYMBOL TABLE
  LABEL                             VALUE 

TRISD5                            00000005
TRISD6                            00000006
TRISD7                            00000007
TRISE                             00000089
TRISE0                            00000000
TRISE1                            00000001
TRISE2                            00000002
TRISE3                            00000003
TRMT                              00000001
TUN0                              00000000
TUN1                              00000001
TUN2                              00000002
TUN3                              00000003
TUN4                              00000004
TX8_9                             00000006
TX9                               00000006
TX9D                              00000000
TXD8                              00000000
TXEN                              00000005
TXIE                              00000004
TXIF                              00000004
TXREG                             00000019
TXSTA                             00000098
UA                                00000001
ULPWUE                            00000005
ULPWUIE                           00000002
ULPWUIF                           00000002
VCFG0                             00000004
VCFG1                             00000005
VR0                               00000000
VR1                               00000001
VR2                               00000002
VR3                               00000003
VRCON                             00000097
VREN                              00000007
VROE                              00000006
VRR                               00000005
VRSS                              00000004
W                                 00000000
WCOL                              00000007
WDTCON                            00000105
WDTPS0                            00000001
WDTPS1                            00000002
WDTPS2                            00000003
WDTPS3                            00000004
WPUB                              00000095
WPUB0                             00000000
WPUB1                             00000001
WPUB2                             00000002
WPUB3                             00000003
WPUB4                             00000004
WPUB5                             00000005
WPUB6                             00000006
MPASM  5.49                         PRAC2.ASM   4-13-2018  20:29:21         PAGE 16


SYMBOL TABLE
  LABEL                             VALUE 

WPUB7                             00000007
WR                                00000001
WREN                              00000002
WRERR                             00000003
WUE                               00000001
Z                                 00000002
_.org_0_0010                      00000010
_.org_0_0019                      00000019
_.org_0_0056                      00000056
_.org_0_0062                      00000062
_.org_0_006C                      0000006C
_.org_0_0070                      00000070
_.org_0_0071                      00000071
_.org_0_0078                      00000078
_.org_0_007E                      0000007E
_.org_0_0080                      00000080
_.org_0_0086                      00000086
_.org_0_0088                      00000088
_.org_0_008E                      0000008E
_.org_0_009F                      0000009F
_.org_0_00A2                      000000A2
_BOR21V                           00003EFF
_BOR40V                           00003FFF
_BOR4V_BOR21V                     00003EFF
_BOR4V_BOR40V                     00003FFF
_BOREN_NSLEEP                     00003EFF
_BOREN_OFF                        00003CFF
_BOREN_ON                         00003FFF
_BOREN_SBODEN                     00003DFF
_BOR_NSLEEP                       00003EFF
_BOR_OFF                          00003CFF
_BOR_ON                           00003FFF
_BOR_SBODEN                       00003DFF
_CONFIG1                          00002007
_CONFIG2                          00002008
_CPD_OFF                          00003FFF
_CPD_ON                           00003F7F
_CP_OFF                           00003FFF
_CP_ON                            00003FBF
_DEBUG_OFF                        00003FFF
_DEBUG_ON                         00001FFF
_DEVID1                           00002006
_EC_OSC                           00003FFB
_EXTRC                            00003FFF
_EXTRCIO                          00003FFE
_EXTRC_OSC_CLKOUT                 00003FFF
_EXTRC_OSC_NOCLKOUT               00003FFE
_FCMEN_OFF                        000037FF
_FCMEN_ON                         00003FFF
_FOSC_EC                          00003FFB
_FOSC_EXTRC_CLKOUT                00003FFF
_FOSC_EXTRC_NOCLKOUT              00003FFE
_FOSC_HS                          00003FFA
MPASM  5.49                         PRAC2.ASM   4-13-2018  20:29:21         PAGE 17


SYMBOL TABLE
  LABEL                             VALUE 

_FOSC_INTRC_CLKOUT                00003FFD
_FOSC_INTRC_NOCLKOUT              00003FFC
_FOSC_LP                          00003FF8
_FOSC_XT                          00003FF9
_HS_OSC                           00003FFA
_IDLOC0                           00002000
_IDLOC1                           00002001
_IDLOC2                           00002002
_IDLOC3                           00002003
_IESO_OFF                         00003BFF
_IESO_ON                          00003FFF
_INTOSC                           00003FFD
_INTOSCIO                         00003FFC
_INTRC_OSC_CLKOUT                 00003FFD
_INTRC_OSC_NOCLKOUT               00003FFC
_LP_OSC                           00003FF8
_LVP_OFF                          00002FFF
_LVP_ON                           00003FFF
_MCLRE_OFF                        00003FDF
_MCLRE_ON                         00003FFF
_PWRTE_OFF                        00003FFF
_PWRTE_ON                         00003FEF
_WDTE_OFF                         00003FF7
_WDTE_ON                          00003FFF
_WDT_OFF                          00003FF7
_WDT_ON                           00003FFF
_WRT_1FOURTH                      00003BFF
_WRT_256                          00003DFF
_WRT_HALF                         000039FF
_WRT_OFF                          00003FFF
_XT_OSC                           00003FF9
__16F887                          00000001
__DEBUG                           1

Errors   :     0
Warnings :     0 reported,     0 suppressed
Messages :     7 reported,     0 suppressed

